2021-07-15 13:10:42,437:INFO:PyCaret Supervised Module
2021-07-15 13:10:42,437:INFO:ML Usecase: regression
2021-07-15 13:10:42,438:INFO:version 2.3.2
2021-07-15 13:10:42,438:INFO:Initializing setup()
2021-07-15 13:10:42,438:INFO:setup(target=target_carbon_monoxide, ml_usecase=regression, available_plots={'parameter': 'Hyperparameters', 'residuals': 'Residuals', 'error': 'Prediction Error', 'cooks': 'Cooks Distance', 'rfe': 'Feature Selection', 'learning': 'Learning Curve', 'manifold': 'Manifold Learning', 'vc': 'Validation Curve', 'feature': 'Feature Importance', 'feature_all': 'Feature Importance (All)', 'tree': 'Decision Tree', 'residuals_interactive': 'Interactive Residuals'}, train_size=0.7, test_data=None, preprocess=True, imputation_type=simple, iterative_imputation_iters=5, categorical_features=None, categorical_imputation=constant, categorical_iterative_imputer=lightgbm, ordinal_features=None, high_cardinality_features=None, high_cardinality_method=frequency, numeric_features=None, numeric_imputation=mean, numeric_iterative_imputer=lightgbm, date_features=None, ignore_features=None, normalize=False, normalize_method=zscore, transformation=False, transformation_method=yeo-johnson, handle_unknown_categorical=True, unknown_categorical_method=least_frequent, pca=False, pca_method=linear, pca_components=None, ignore_low_variance=False, combine_rare_levels=False, rare_level_threshold=0.1, bin_numeric_features=None, remove_outliers=False, outliers_threshold=0.05, remove_multicollinearity=False, multicollinearity_threshold=0.9, remove_perfect_collinearity=True, create_clusters=False, cluster_iter=20, polynomial_features=False, polynomial_degree=2, trigonometry_features=False, polynomial_threshold=0.1, group_features=None, group_names=None, feature_selection=False, feature_selection_threshold=0.8, feature_selection_method=classic, feature_interaction=False, feature_ratio=False, interaction_threshold=0.01, fix_imbalance=False, fix_imbalance_method=None, transform_target=False, transform_target_method=box-cox, data_split_shuffle=True, data_split_stratify=False, fold_strategy=kfold, fold=10, fold_shuffle=False, fold_groups=None, n_jobs=-1, use_gpu=False, custom_pipeline=None, html=True, session_id=None, log_experiment=False, experiment_name=None, log_plots=False, log_profile=False, log_data=False, silent=True, verbose=True, profile=False, profile_kwargs=None, display=None)
2021-07-15 13:10:42,440:INFO:Checking environment
2021-07-15 13:10:42,440:INFO:python_version: 3.8.10
2021-07-15 13:10:42,440:INFO:python_build: ('default', 'May 19 2021 13:12:57')
2021-07-15 13:10:42,440:INFO:machine: AMD64
2021-07-15 13:10:42,447:INFO:platform: Windows-10-10.0.19042-SP0
2021-07-15 13:10:42,447:INFO:Memory: svmem(total=12778082304, available=4291653632, percent=66.4, used=8486428672, free=4291653632)
2021-07-15 13:10:42,447:INFO:Physical Core: 6
2021-07-15 13:10:42,447:INFO:Logical Core: 12
2021-07-15 13:10:42,448:INFO:Checking libraries
2021-07-15 13:10:42,448:INFO:pd==1.0.5
2021-07-15 13:10:42,448:INFO:numpy==1.21.0
2021-07-15 13:10:42,448:INFO:sklearn==0.23.1
2021-07-15 13:10:42,448:INFO:lightgbm==2.3.1
2021-07-15 13:10:42,449:WARNING:catboost not found
2021-07-15 13:10:43,158:INFO:xgboost==1.1.1
2021-07-15 13:10:43,671:INFO:mlflow==1.19.0
2021-07-15 13:10:43,671:INFO:Checking Exceptions
2021-07-15 13:10:43,672:INFO:Declaring global variables
2021-07-15 13:10:43,672:INFO:USI: 8050
2021-07-15 13:10:43,672:INFO:pycaret_globals: {'_all_models_internal', '_all_metrics', 'fold_generator', 'y_test', 'imputation_classifier', 'iterative_imputation_iters_param', 'X_test', 'fix_imbalance_method_param', 'imputation_regressor', 'fold_groups_param_full', 'fold_param', '_gpu_n_jobs_param', 'fold_groups_param', 'y', '_ml_usecase', 'prep_pipe', '_available_plots', 'logging_param', 'html_param', 'log_plots_param', 'y_train', 'master_model_container', 'display_container', 'experiment__', 'n_jobs_param', 'pycaret_globals', '_all_models', 'seed', 'fold_shuffle_param', 'X_train', '_internal_pipeline', 'create_model_container', 'exp_name_log', 'gpu_param', 'X', 'stratify_param', 'transform_target_param', 'transform_target_method_param', 'USI', 'target_param', 'fix_imbalance_param', 'data_before_preprocess'}
2021-07-15 13:10:43,672:INFO:Preparing display monitor
2021-07-15 13:10:43,672:INFO:Preparing display monitor
2021-07-15 13:10:43,683:INFO:Importing libraries
2021-07-15 13:10:43,684:INFO:Copying data for preprocessing
2021-07-15 13:10:43,689:INFO:Declaring preprocessing parameters
2021-07-15 13:10:43,690:INFO:Creating preprocessing pipeline
2021-07-15 13:10:43,693:INFO:Preprocessing pipeline created successfully
2021-07-15 13:10:43,693:ERROR:(Process Exit): setup has been interupted with user command 'quit'. setup must rerun.
2021-07-15 13:10:43,693:INFO:Creating global containers
2021-07-15 13:10:43,694:INFO:Internal pipeline: Pipeline(memory=None, steps=[('empty_step', 'passthrough')], verbose=False)
2021-07-15 13:10:43,848:WARNING:Couldn't import catboost.CatBoostRegressor
2021-07-15 13:10:43,956:WARNING:Couldn't import catboost.CatBoostRegressor
2021-07-15 13:10:43,956:INFO:Creating grid variables
2021-07-15 13:10:43,983:INFO:create_model_container: 0
2021-07-15 13:10:43,983:INFO:master_model_container: 0
2021-07-15 13:10:43,983:INFO:display_container: 1
2021-07-15 13:10:43,986:INFO:Pipeline(memory=None,
         steps=[('dtypes',
                 DataTypes_Auto_infer(categorical_features=[],
                                      display_types=False, features_todrop=[],
                                      id_columns=[], ml_usecase='regression',
                                      numerical_features=[],
                                      target='target_carbon_monoxide',
                                      time_features=[])),
                ('imputer',
                 Simple_Imputer(categorical_strategy='not_available',
                                fill_value_categorical=None,
                                fill_value_numerical=None,...
                ('binn', 'passthrough'), ('rem_outliers', 'passthrough'),
                ('cluster_all', 'passthrough'),
                ('dummy', Dummify(target='target_carbon_monoxide')),
                ('fix_perfect', Remove_100(target='target_carbon_monoxide')),
                ('clean_names', Clean_Colum_Names()),
                ('feature_select', 'passthrough'), ('fix_multi', 'passthrough'),
                ('dfs', 'passthrough'), ('pca', 'passthrough')],
         verbose=False)
2021-07-15 13:10:43,987:INFO:setup() succesfully completed......................................
2021-07-15 13:10:44,123:INFO:Initializing compare_models()
2021-07-15 13:10:44,123:INFO:compare_models(include=None, fold=3, round=4, cross_validation=True, sort=RMSLE, n_select=5, budget_time=None, turbo=True, errors=ignore, fit_kwargs=None, groups=None, verbose=True, display=None, exclude=None)
2021-07-15 13:10:44,123:INFO:Checking exceptions
2021-07-15 13:10:44,123:INFO:Preparing display monitor
2021-07-15 13:10:44,123:INFO:Preparing display monitor
2021-07-15 13:10:44,143:INFO:Initializing Linear Regression
2021-07-15 13:10:44,143:INFO:Total runtime is 0.0 minutes
2021-07-15 13:10:44,150:INFO:SubProcess create_model() called ==================================
2021-07-15 13:10:44,150:INFO:Initializing create_model()
2021-07-15 13:10:44,150:INFO:create_model(estimator=lr, fold=KFold(n_splits=3, random_state=None, shuffle=False), round=4, cross_validation=True, predict=True, fit_kwargs={}, groups=None, refit=False, verbose=False, system=False, metrics=None, display=<pycaret.internal.Display.Display object at 0x000002C51AA79970>, kwargs={})
2021-07-15 13:10:44,150:INFO:Checking exceptions
2021-07-15 13:10:44,150:INFO:Importing libraries
2021-07-15 13:10:44,150:INFO:Copying training dataset
2021-07-15 13:10:44,151:INFO:Defining folds
2021-07-15 13:10:44,151:INFO:Declaring metric variables
2021-07-15 13:10:44,157:INFO:Importing untrained model
2021-07-15 13:10:44,163:INFO:Linear Regression Imported succesfully
2021-07-15 13:10:44,177:INFO:Starting cross validation
2021-07-15 13:10:44,182:INFO:Cross validating with KFold(n_splits=3, random_state=None, shuffle=False), n_jobs=-1
2021-07-15 13:10:46,394:INFO:Calculating mean and std
2021-07-15 13:10:46,395:INFO:Creating metrics dataframe
2021-07-15 13:10:46,399:INFO:Uploading results into container
2021-07-15 13:10:46,399:INFO:Uploading model into container now
2021-07-15 13:10:46,400:INFO:create_model_container: 1
2021-07-15 13:10:46,400:INFO:master_model_container: 1
2021-07-15 13:10:46,400:INFO:display_container: 2
2021-07-15 13:10:46,400:INFO:LinearRegression(copy_X=True, fit_intercept=True, n_jobs=-1, normalize=False)
2021-07-15 13:10:46,400:INFO:create_model() succesfully completed......................................
2021-07-15 13:10:46,546:WARNING:create_model() for LinearRegression(copy_X=True, fit_intercept=True, n_jobs=-1, normalize=False) raised an exception or returned all 0.0, trying without fit_kwargs:
2021-07-15 13:10:46,548:WARNING:Traceback (most recent call last):
  File "C:\Users\tsyco\AppData\Roaming\Python\Python38\site-packages\pycaret\internal\tabular.py", line 2179, in compare_models
    assert np.sum(model_results.iloc[0]) != 0.0
AssertionError

2021-07-15 13:10:46,548:INFO:Initializing create_model()
2021-07-15 13:10:46,548:INFO:create_model(estimator=LinearRegression(copy_X=True, fit_intercept=True, n_jobs=-1, normalize=False), fold=KFold(n_splits=3, random_state=None, shuffle=False), round=4, cross_validation=True, predict=True, fit_kwargs=None, groups=None, refit=False, verbose=False, system=False, metrics=None, display=<pycaret.internal.Display.Display object at 0x000002C51AA79970>, kwargs={})
2021-07-15 13:10:46,548:INFO:Checking exceptions
2021-07-15 13:10:46,548:INFO:Importing libraries
2021-07-15 13:10:46,548:INFO:Copying training dataset
2021-07-15 13:10:46,549:INFO:Defining folds
2021-07-15 13:10:46,549:INFO:Declaring metric variables
2021-07-15 13:10:46,555:INFO:Importing untrained model
2021-07-15 13:10:46,556:INFO:Declaring custom model
2021-07-15 13:10:46,562:INFO:Linear Regression Imported succesfully
2021-07-15 13:10:46,575:INFO:Starting cross validation
2021-07-15 13:10:46,576:INFO:Cross validating with KFold(n_splits=3, random_state=None, shuffle=False), n_jobs=-1
2021-07-15 13:10:48,047:INFO:Calculating mean and std
2021-07-15 13:10:48,048:INFO:Creating metrics dataframe
2021-07-15 13:10:48,052:INFO:Uploading results into container
2021-07-15 13:10:48,052:INFO:Uploading model into container now
2021-07-15 13:10:48,052:INFO:create_model_container: 2
2021-07-15 13:10:48,052:INFO:master_model_container: 2
2021-07-15 13:10:48,052:INFO:display_container: 2
2021-07-15 13:10:48,053:INFO:LinearRegression(copy_X=True, fit_intercept=True, n_jobs=-1, normalize=False)
2021-07-15 13:10:48,053:INFO:create_model() succesfully completed......................................
2021-07-15 13:10:48,199:INFO:SubProcess create_model() end ==================================
2021-07-15 13:10:48,199:INFO:Creating metrics dataframe
2021-07-15 13:10:48,208:INFO:Initializing Lasso Regression
2021-07-15 13:10:48,208:INFO:Total runtime is 0.06774420738220215 minutes
2021-07-15 13:10:48,215:INFO:SubProcess create_model() called ==================================
2021-07-15 13:10:48,215:INFO:Initializing create_model()
2021-07-15 13:10:48,215:INFO:create_model(estimator=lasso, fold=KFold(n_splits=3, random_state=None, shuffle=False), round=4, cross_validation=True, predict=True, fit_kwargs={}, groups=None, refit=False, verbose=False, system=False, metrics=None, display=<pycaret.internal.Display.Display object at 0x000002C51AA79970>, kwargs={})
2021-07-15 13:10:48,216:INFO:Checking exceptions
2021-07-15 13:10:48,216:INFO:Importing libraries
2021-07-15 13:10:48,216:INFO:Copying training dataset
2021-07-15 13:10:48,216:INFO:Defining folds
2021-07-15 13:10:48,216:INFO:Declaring metric variables
2021-07-15 13:10:48,223:INFO:Importing untrained model
2021-07-15 13:10:48,230:INFO:Lasso Regression Imported succesfully
2021-07-15 13:10:48,242:INFO:Starting cross validation
2021-07-15 13:10:48,243:INFO:Cross validating with KFold(n_splits=3, random_state=None, shuffle=False), n_jobs=-1
2021-07-15 13:10:49,792:INFO:Calculating mean and std
2021-07-15 13:10:49,793:INFO:Creating metrics dataframe
2021-07-15 13:10:49,796:INFO:Uploading results into container
2021-07-15 13:10:49,797:INFO:Uploading model into container now
2021-07-15 13:10:49,797:INFO:create_model_container: 3
2021-07-15 13:10:49,797:INFO:master_model_container: 3
2021-07-15 13:10:49,797:INFO:display_container: 2
2021-07-15 13:10:49,797:INFO:Lasso(alpha=1.0, copy_X=True, fit_intercept=True, max_iter=1000,
      normalize=False, positive=False, precompute=False, random_state=1767,
      selection='cyclic', tol=0.0001, warm_start=False)
2021-07-15 13:10:49,797:INFO:create_model() succesfully completed......................................
2021-07-15 13:10:49,940:WARNING:create_model() for Lasso(alpha=1.0, copy_X=True, fit_intercept=True, max_iter=1000,
      normalize=False, positive=False, precompute=False, random_state=1767,
      selection='cyclic', tol=0.0001, warm_start=False) raised an exception or returned all 0.0, trying without fit_kwargs:
2021-07-15 13:10:49,940:WARNING:Traceback (most recent call last):
  File "C:\Users\tsyco\AppData\Roaming\Python\Python38\site-packages\pycaret\internal\tabular.py", line 2179, in compare_models
    assert np.sum(model_results.iloc[0]) != 0.0
AssertionError

2021-07-15 13:10:49,940:INFO:Initializing create_model()
2021-07-15 13:10:49,940:INFO:create_model(estimator=Lasso(alpha=1.0, copy_X=True, fit_intercept=True, max_iter=1000,
      normalize=False, positive=False, precompute=False, random_state=1767,
      selection='cyclic', tol=0.0001, warm_start=False), fold=KFold(n_splits=3, random_state=None, shuffle=False), round=4, cross_validation=True, predict=True, fit_kwargs=None, groups=None, refit=False, verbose=False, system=False, metrics=None, display=<pycaret.internal.Display.Display object at 0x000002C51AA79970>, kwargs={})
2021-07-15 13:10:49,941:INFO:Checking exceptions
2021-07-15 13:10:49,941:INFO:Importing libraries
2021-07-15 13:10:49,941:INFO:Copying training dataset
2021-07-15 13:10:49,941:INFO:Defining folds
2021-07-15 13:10:49,941:INFO:Declaring metric variables
2021-07-15 13:10:49,947:INFO:Importing untrained model
2021-07-15 13:10:49,947:INFO:Declaring custom model
2021-07-15 13:10:49,955:INFO:Lasso Regression Imported succesfully
2021-07-15 13:10:49,967:INFO:Starting cross validation
2021-07-15 13:10:49,967:INFO:Cross validating with KFold(n_splits=3, random_state=None, shuffle=False), n_jobs=-1
2021-07-15 13:10:51,513:INFO:Calculating mean and std
2021-07-15 13:10:51,514:INFO:Creating metrics dataframe
2021-07-15 13:10:51,518:INFO:Uploading results into container
2021-07-15 13:10:51,518:INFO:Uploading model into container now
2021-07-15 13:10:51,518:INFO:create_model_container: 4
2021-07-15 13:10:51,518:INFO:master_model_container: 4
2021-07-15 13:10:51,518:INFO:display_container: 2
2021-07-15 13:10:51,519:INFO:Lasso(alpha=1.0, copy_X=True, fit_intercept=True, max_iter=1000,
      normalize=False, positive=False, precompute=False, random_state=1767,
      selection='cyclic', tol=0.0001, warm_start=False)
2021-07-15 13:10:51,519:INFO:create_model() succesfully completed......................................
2021-07-15 13:10:51,672:INFO:SubProcess create_model() end ==================================
2021-07-15 13:10:51,672:INFO:Creating metrics dataframe
2021-07-15 13:10:51,683:INFO:Initializing Ridge Regression
2021-07-15 13:10:51,684:INFO:Total runtime is 0.12566829522450765 minutes
2021-07-15 13:10:51,689:INFO:SubProcess create_model() called ==================================
2021-07-15 13:10:51,690:INFO:Initializing create_model()
2021-07-15 13:10:51,690:INFO:create_model(estimator=ridge, fold=KFold(n_splits=3, random_state=None, shuffle=False), round=4, cross_validation=True, predict=True, fit_kwargs={}, groups=None, refit=False, verbose=False, system=False, metrics=None, display=<pycaret.internal.Display.Display object at 0x000002C51AA79970>, kwargs={})
2021-07-15 13:10:51,690:INFO:Checking exceptions
2021-07-15 13:10:51,690:INFO:Importing libraries
2021-07-15 13:10:51,690:INFO:Copying training dataset
2021-07-15 13:10:51,691:INFO:Defining folds
2021-07-15 13:10:51,691:INFO:Declaring metric variables
2021-07-15 13:10:51,696:INFO:Importing untrained model
2021-07-15 13:10:51,703:INFO:Ridge Regression Imported succesfully
2021-07-15 13:10:51,715:INFO:Starting cross validation
2021-07-15 13:10:51,716:INFO:Cross validating with KFold(n_splits=3, random_state=None, shuffle=False), n_jobs=-1
2021-07-15 13:10:51,730:INFO:Calculating mean and std
2021-07-15 13:10:51,730:INFO:Creating metrics dataframe
2021-07-15 13:10:51,733:INFO:Uploading results into container
2021-07-15 13:10:51,734:INFO:Uploading model into container now
2021-07-15 13:10:51,734:INFO:create_model_container: 5
2021-07-15 13:10:51,734:INFO:master_model_container: 5
2021-07-15 13:10:51,734:INFO:display_container: 2
2021-07-15 13:10:51,734:INFO:Ridge(alpha=1.0, copy_X=True, fit_intercept=True, max_iter=None,
      normalize=False, random_state=1767, solver='auto', tol=0.001)
2021-07-15 13:10:51,734:INFO:create_model() succesfully completed......................................
2021-07-15 13:10:51,871:WARNING:create_model() for Ridge(alpha=1.0, copy_X=True, fit_intercept=True, max_iter=None,
      normalize=False, random_state=1767, solver='auto', tol=0.001) raised an exception or returned all 0.0, trying without fit_kwargs:
2021-07-15 13:10:51,872:WARNING:Traceback (most recent call last):
  File "C:\Users\tsyco\AppData\Roaming\Python\Python38\site-packages\pycaret\internal\tabular.py", line 2179, in compare_models
    assert np.sum(model_results.iloc[0]) != 0.0
AssertionError

2021-07-15 13:10:51,872:INFO:Initializing create_model()
2021-07-15 13:10:51,872:INFO:create_model(estimator=Ridge(alpha=1.0, copy_X=True, fit_intercept=True, max_iter=None,
      normalize=False, random_state=1767, solver='auto', tol=0.001), fold=KFold(n_splits=3, random_state=None, shuffle=False), round=4, cross_validation=True, predict=True, fit_kwargs=None, groups=None, refit=False, verbose=False, system=False, metrics=None, display=<pycaret.internal.Display.Display object at 0x000002C51AA79970>, kwargs={})
2021-07-15 13:10:51,872:INFO:Checking exceptions
2021-07-15 13:10:51,872:INFO:Importing libraries
2021-07-15 13:10:51,872:INFO:Copying training dataset
2021-07-15 13:10:51,873:INFO:Defining folds
2021-07-15 13:10:51,873:INFO:Declaring metric variables
2021-07-15 13:10:51,879:INFO:Importing untrained model
2021-07-15 13:10:51,879:INFO:Declaring custom model
2021-07-15 13:10:51,885:INFO:Ridge Regression Imported succesfully
2021-07-15 13:10:51,897:INFO:Starting cross validation
2021-07-15 13:10:51,897:INFO:Cross validating with KFold(n_splits=3, random_state=None, shuffle=False), n_jobs=-1
2021-07-15 13:10:51,911:INFO:Calculating mean and std
2021-07-15 13:10:51,912:INFO:Creating metrics dataframe
2021-07-15 13:10:51,915:INFO:Uploading results into container
2021-07-15 13:10:51,915:INFO:Uploading model into container now
2021-07-15 13:10:51,915:INFO:create_model_container: 6
2021-07-15 13:10:51,915:INFO:master_model_container: 6
2021-07-15 13:10:51,916:INFO:display_container: 2
2021-07-15 13:10:51,916:INFO:Ridge(alpha=1.0, copy_X=True, fit_intercept=True, max_iter=None,
      normalize=False, random_state=1767, solver='auto', tol=0.001)
2021-07-15 13:10:51,916:INFO:create_model() succesfully completed......................................
2021-07-15 13:10:52,053:INFO:SubProcess create_model() end ==================================
2021-07-15 13:10:52,053:INFO:Creating metrics dataframe
2021-07-15 13:10:52,066:INFO:Initializing Elastic Net
2021-07-15 13:10:52,066:INFO:Total runtime is 0.13204343716303507 minutes
2021-07-15 13:10:52,072:INFO:SubProcess create_model() called ==================================
2021-07-15 13:10:52,072:INFO:Initializing create_model()
2021-07-15 13:10:52,072:INFO:create_model(estimator=en, fold=KFold(n_splits=3, random_state=None, shuffle=False), round=4, cross_validation=True, predict=True, fit_kwargs={}, groups=None, refit=False, verbose=False, system=False, metrics=None, display=<pycaret.internal.Display.Display object at 0x000002C51AA79970>, kwargs={})
2021-07-15 13:10:52,072:INFO:Checking exceptions
2021-07-15 13:10:52,072:INFO:Importing libraries
2021-07-15 13:10:52,073:INFO:Copying training dataset
2021-07-15 13:10:52,073:INFO:Defining folds
2021-07-15 13:10:52,073:INFO:Declaring metric variables
2021-07-15 13:10:52,080:INFO:Importing untrained model
2021-07-15 13:10:52,087:INFO:Elastic Net Imported succesfully
2021-07-15 13:10:52,101:INFO:Starting cross validation
2021-07-15 13:10:52,101:INFO:Cross validating with KFold(n_splits=3, random_state=None, shuffle=False), n_jobs=-1
2021-07-15 13:10:52,115:INFO:Calculating mean and std
2021-07-15 13:10:52,115:INFO:Creating metrics dataframe
2021-07-15 13:10:52,118:INFO:Uploading results into container
2021-07-15 13:10:52,118:INFO:Uploading model into container now
2021-07-15 13:10:52,118:INFO:create_model_container: 7
2021-07-15 13:10:52,119:INFO:master_model_container: 7
2021-07-15 13:10:52,119:INFO:display_container: 2
2021-07-15 13:10:52,119:INFO:ElasticNet(alpha=1.0, copy_X=True, fit_intercept=True, l1_ratio=0.5,
           max_iter=1000, normalize=False, positive=False, precompute=False,
           random_state=1767, selection='cyclic', tol=0.0001, warm_start=False)
2021-07-15 13:10:52,119:INFO:create_model() succesfully completed......................................
2021-07-15 13:10:52,262:WARNING:create_model() for ElasticNet(alpha=1.0, copy_X=True, fit_intercept=True, l1_ratio=0.5,
           max_iter=1000, normalize=False, positive=False, precompute=False,
           random_state=1767, selection='cyclic', tol=0.0001, warm_start=False) raised an exception or returned all 0.0, trying without fit_kwargs:
2021-07-15 13:10:52,262:WARNING:Traceback (most recent call last):
  File "C:\Users\tsyco\AppData\Roaming\Python\Python38\site-packages\pycaret\internal\tabular.py", line 2179, in compare_models
    assert np.sum(model_results.iloc[0]) != 0.0
AssertionError

2021-07-15 13:10:52,262:INFO:Initializing create_model()
2021-07-15 13:10:52,262:INFO:create_model(estimator=ElasticNet(alpha=1.0, copy_X=True, fit_intercept=True, l1_ratio=0.5,
           max_iter=1000, normalize=False, positive=False, precompute=False,
           random_state=1767, selection='cyclic', tol=0.0001, warm_start=False), fold=KFold(n_splits=3, random_state=None, shuffle=False), round=4, cross_validation=True, predict=True, fit_kwargs=None, groups=None, refit=False, verbose=False, system=False, metrics=None, display=<pycaret.internal.Display.Display object at 0x000002C51AA79970>, kwargs={})
2021-07-15 13:10:52,262:INFO:Checking exceptions
2021-07-15 13:10:52,262:INFO:Importing libraries
2021-07-15 13:10:52,262:INFO:Copying training dataset
2021-07-15 13:10:52,263:INFO:Defining folds
2021-07-15 13:10:52,263:INFO:Declaring metric variables
2021-07-15 13:10:52,269:INFO:Importing untrained model
2021-07-15 13:10:52,269:INFO:Declaring custom model
2021-07-15 13:10:52,276:INFO:Elastic Net Imported succesfully
2021-07-15 13:10:52,289:INFO:Starting cross validation
2021-07-15 13:10:52,289:INFO:Cross validating with KFold(n_splits=3, random_state=None, shuffle=False), n_jobs=-1
2021-07-15 13:10:52,304:INFO:Calculating mean and std
2021-07-15 13:10:52,305:INFO:Creating metrics dataframe
2021-07-15 13:10:52,308:INFO:Uploading results into container
2021-07-15 13:10:52,308:INFO:Uploading model into container now
2021-07-15 13:10:52,308:INFO:create_model_container: 8
2021-07-15 13:10:52,308:INFO:master_model_container: 8
2021-07-15 13:10:52,308:INFO:display_container: 2
2021-07-15 13:10:52,308:INFO:ElasticNet(alpha=1.0, copy_X=True, fit_intercept=True, l1_ratio=0.5,
           max_iter=1000, normalize=False, positive=False, precompute=False,
           random_state=1767, selection='cyclic', tol=0.0001, warm_start=False)
2021-07-15 13:10:52,308:INFO:create_model() succesfully completed......................................
2021-07-15 13:10:52,445:INFO:SubProcess create_model() end ==================================
2021-07-15 13:10:52,445:INFO:Creating metrics dataframe
2021-07-15 13:10:52,459:INFO:Initializing Least Angle Regression
2021-07-15 13:10:52,459:INFO:Total runtime is 0.1385964314142863 minutes
2021-07-15 13:10:52,465:INFO:SubProcess create_model() called ==================================
2021-07-15 13:10:52,465:INFO:Initializing create_model()
2021-07-15 13:10:52,465:INFO:create_model(estimator=lar, fold=KFold(n_splits=3, random_state=None, shuffle=False), round=4, cross_validation=True, predict=True, fit_kwargs={}, groups=None, refit=False, verbose=False, system=False, metrics=None, display=<pycaret.internal.Display.Display object at 0x000002C51AA79970>, kwargs={})
2021-07-15 13:10:52,465:INFO:Checking exceptions
2021-07-15 13:10:52,466:INFO:Importing libraries
2021-07-15 13:10:52,466:INFO:Copying training dataset
2021-07-15 13:10:52,466:INFO:Defining folds
2021-07-15 13:10:52,467:INFO:Declaring metric variables
2021-07-15 13:10:52,473:INFO:Importing untrained model
2021-07-15 13:10:52,479:INFO:Least Angle Regression Imported succesfully
2021-07-15 13:10:52,490:INFO:Starting cross validation
2021-07-15 13:10:52,491:INFO:Cross validating with KFold(n_splits=3, random_state=None, shuffle=False), n_jobs=-1
2021-07-15 13:10:52,506:INFO:Calculating mean and std
2021-07-15 13:10:52,507:INFO:Creating metrics dataframe
2021-07-15 13:10:52,509:INFO:Uploading results into container
2021-07-15 13:10:52,510:INFO:Uploading model into container now
2021-07-15 13:10:52,510:INFO:create_model_container: 9
2021-07-15 13:10:52,510:INFO:master_model_container: 9
2021-07-15 13:10:52,510:INFO:display_container: 2
2021-07-15 13:10:52,510:INFO:Lars(copy_X=True, eps=2.220446049250313e-16, fit_intercept=True, fit_path=True,
     jitter=None, n_nonzero_coefs=500, normalize=True, precompute='auto',
     random_state=1767, verbose=False)
2021-07-15 13:10:52,510:INFO:create_model() succesfully completed......................................
2021-07-15 13:10:52,650:WARNING:create_model() for Lars(copy_X=True, eps=2.220446049250313e-16, fit_intercept=True, fit_path=True,
     jitter=None, n_nonzero_coefs=500, normalize=True, precompute='auto',
     random_state=1767, verbose=False) raised an exception or returned all 0.0, trying without fit_kwargs:
2021-07-15 13:10:52,650:WARNING:Traceback (most recent call last):
  File "C:\Users\tsyco\AppData\Roaming\Python\Python38\site-packages\pycaret\internal\tabular.py", line 2179, in compare_models
    assert np.sum(model_results.iloc[0]) != 0.0
AssertionError

2021-07-15 13:10:52,650:INFO:Initializing create_model()
2021-07-15 13:10:52,650:INFO:create_model(estimator=Lars(copy_X=True, eps=2.220446049250313e-16, fit_intercept=True, fit_path=True,
     jitter=None, n_nonzero_coefs=500, normalize=True, precompute='auto',
     random_state=1767, verbose=False), fold=KFold(n_splits=3, random_state=None, shuffle=False), round=4, cross_validation=True, predict=True, fit_kwargs=None, groups=None, refit=False, verbose=False, system=False, metrics=None, display=<pycaret.internal.Display.Display object at 0x000002C51AA79970>, kwargs={})
2021-07-15 13:10:52,651:INFO:Checking exceptions
2021-07-15 13:10:52,651:INFO:Importing libraries
2021-07-15 13:10:52,651:INFO:Copying training dataset
2021-07-15 13:10:52,651:INFO:Defining folds
2021-07-15 13:10:52,652:INFO:Declaring metric variables
2021-07-15 13:10:52,657:INFO:Importing untrained model
2021-07-15 13:10:52,657:INFO:Declaring custom model
2021-07-15 13:10:52,664:INFO:Least Angle Regression Imported succesfully
2021-07-15 13:10:52,678:INFO:Starting cross validation
2021-07-15 13:10:52,678:INFO:Cross validating with KFold(n_splits=3, random_state=None, shuffle=False), n_jobs=-1
2021-07-15 13:10:52,692:INFO:Calculating mean and std
2021-07-15 13:10:52,693:INFO:Creating metrics dataframe
2021-07-15 13:10:52,695:INFO:Uploading results into container
2021-07-15 13:10:52,696:INFO:Uploading model into container now
2021-07-15 13:10:52,696:INFO:create_model_container: 10
2021-07-15 13:10:52,696:INFO:master_model_container: 10
2021-07-15 13:10:52,696:INFO:display_container: 2
2021-07-15 13:10:52,696:INFO:Lars(copy_X=True, eps=2.220446049250313e-16, fit_intercept=True, fit_path=True,
     jitter=None, n_nonzero_coefs=500, normalize=True, precompute='auto',
     random_state=1767, verbose=False)
2021-07-15 13:10:52,696:INFO:create_model() succesfully completed......................................
2021-07-15 13:10:52,833:INFO:SubProcess create_model() end ==================================
2021-07-15 13:10:52,833:INFO:Creating metrics dataframe
2021-07-15 13:10:52,849:INFO:Initializing Lasso Least Angle Regression
2021-07-15 13:10:52,849:INFO:Total runtime is 0.14510113398234048 minutes
2021-07-15 13:10:52,855:INFO:SubProcess create_model() called ==================================
2021-07-15 13:10:52,856:INFO:Initializing create_model()
2021-07-15 13:10:52,856:INFO:create_model(estimator=llar, fold=KFold(n_splits=3, random_state=None, shuffle=False), round=4, cross_validation=True, predict=True, fit_kwargs={}, groups=None, refit=False, verbose=False, system=False, metrics=None, display=<pycaret.internal.Display.Display object at 0x000002C51AA79970>, kwargs={})
2021-07-15 13:10:52,856:INFO:Checking exceptions
2021-07-15 13:10:52,856:INFO:Importing libraries
2021-07-15 13:10:52,856:INFO:Copying training dataset
2021-07-15 13:10:52,857:INFO:Defining folds
2021-07-15 13:10:52,857:INFO:Declaring metric variables
2021-07-15 13:10:52,863:INFO:Importing untrained model
2021-07-15 13:10:52,869:INFO:Lasso Least Angle Regression Imported succesfully
2021-07-15 13:10:52,884:INFO:Starting cross validation
2021-07-15 13:10:52,884:INFO:Cross validating with KFold(n_splits=3, random_state=None, shuffle=False), n_jobs=-1
2021-07-15 13:10:52,898:INFO:Calculating mean and std
2021-07-15 13:10:52,899:INFO:Creating metrics dataframe
2021-07-15 13:10:52,902:INFO:Uploading results into container
2021-07-15 13:10:52,903:INFO:Uploading model into container now
2021-07-15 13:10:52,903:INFO:create_model_container: 11
2021-07-15 13:10:52,903:INFO:master_model_container: 11
2021-07-15 13:10:52,903:INFO:display_container: 2
2021-07-15 13:10:52,903:INFO:LassoLars(alpha=1.0, copy_X=True, eps=2.220446049250313e-16, fit_intercept=True,
          fit_path=True, jitter=None, max_iter=500, normalize=True,
          positive=False, precompute='auto', random_state=1767, verbose=False)
2021-07-15 13:10:52,903:INFO:create_model() succesfully completed......................................
2021-07-15 13:10:53,054:WARNING:create_model() for LassoLars(alpha=1.0, copy_X=True, eps=2.220446049250313e-16, fit_intercept=True,
          fit_path=True, jitter=None, max_iter=500, normalize=True,
          positive=False, precompute='auto', random_state=1767, verbose=False) raised an exception or returned all 0.0, trying without fit_kwargs:
2021-07-15 13:10:53,054:WARNING:Traceback (most recent call last):
  File "C:\Users\tsyco\AppData\Roaming\Python\Python38\site-packages\pycaret\internal\tabular.py", line 2179, in compare_models
    assert np.sum(model_results.iloc[0]) != 0.0
AssertionError

2021-07-15 13:10:53,055:INFO:Initializing create_model()
2021-07-15 13:10:53,055:INFO:create_model(estimator=LassoLars(alpha=1.0, copy_X=True, eps=2.220446049250313e-16, fit_intercept=True,
          fit_path=True, jitter=None, max_iter=500, normalize=True,
          positive=False, precompute='auto', random_state=1767, verbose=False), fold=KFold(n_splits=3, random_state=None, shuffle=False), round=4, cross_validation=True, predict=True, fit_kwargs=None, groups=None, refit=False, verbose=False, system=False, metrics=None, display=<pycaret.internal.Display.Display object at 0x000002C51AA79970>, kwargs={})
2021-07-15 13:10:53,055:INFO:Checking exceptions
2021-07-15 13:10:53,055:INFO:Importing libraries
2021-07-15 13:10:53,055:INFO:Copying training dataset
2021-07-15 13:10:53,055:INFO:Defining folds
2021-07-15 13:10:53,055:INFO:Declaring metric variables
2021-07-15 13:10:53,061:INFO:Importing untrained model
2021-07-15 13:10:53,062:INFO:Declaring custom model
2021-07-15 13:10:53,068:INFO:Least Angle Regression Imported succesfully
2021-07-15 13:10:53,080:INFO:Starting cross validation
2021-07-15 13:10:53,081:INFO:Cross validating with KFold(n_splits=3, random_state=None, shuffle=False), n_jobs=-1
2021-07-15 13:10:53,095:INFO:Calculating mean and std
2021-07-15 13:10:53,096:INFO:Creating metrics dataframe
2021-07-15 13:10:53,099:INFO:Uploading results into container
2021-07-15 13:10:53,099:INFO:Uploading model into container now
2021-07-15 13:10:53,099:INFO:create_model_container: 12
2021-07-15 13:10:53,099:INFO:master_model_container: 12
2021-07-15 13:10:53,099:INFO:display_container: 2
2021-07-15 13:10:53,100:INFO:LassoLars(alpha=1.0, copy_X=True, eps=2.220446049250313e-16, fit_intercept=True,
          fit_path=True, jitter=None, max_iter=500, normalize=True,
          positive=False, precompute='auto', random_state=1767, verbose=False)
2021-07-15 13:10:53,100:INFO:create_model() succesfully completed......................................
2021-07-15 13:10:53,236:INFO:SubProcess create_model() end ==================================
2021-07-15 13:10:53,237:INFO:Creating metrics dataframe
2021-07-15 13:10:53,254:INFO:Initializing Orthogonal Matching Pursuit
2021-07-15 13:10:53,255:INFO:Total runtime is 0.1518531322479248 minutes
2021-07-15 13:10:53,261:INFO:SubProcess create_model() called ==================================
2021-07-15 13:10:53,261:INFO:Initializing create_model()
2021-07-15 13:10:53,261:INFO:create_model(estimator=omp, fold=KFold(n_splits=3, random_state=None, shuffle=False), round=4, cross_validation=True, predict=True, fit_kwargs={}, groups=None, refit=False, verbose=False, system=False, metrics=None, display=<pycaret.internal.Display.Display object at 0x000002C51AA79970>, kwargs={})
2021-07-15 13:10:53,261:INFO:Checking exceptions
2021-07-15 13:10:53,261:INFO:Importing libraries
2021-07-15 13:10:53,261:INFO:Copying training dataset
2021-07-15 13:10:53,262:INFO:Defining folds
2021-07-15 13:10:53,262:INFO:Declaring metric variables
2021-07-15 13:10:53,268:INFO:Importing untrained model
2021-07-15 13:10:53,275:INFO:Orthogonal Matching Pursuit Imported succesfully
2021-07-15 13:10:53,287:INFO:Starting cross validation
2021-07-15 13:10:53,287:INFO:Cross validating with KFold(n_splits=3, random_state=None, shuffle=False), n_jobs=-1
2021-07-15 13:10:53,301:INFO:Calculating mean and std
2021-07-15 13:10:53,302:INFO:Creating metrics dataframe
2021-07-15 13:10:53,305:INFO:Uploading results into container
2021-07-15 13:10:53,305:INFO:Uploading model into container now
2021-07-15 13:10:53,305:INFO:create_model_container: 13
2021-07-15 13:10:53,305:INFO:master_model_container: 13
2021-07-15 13:10:53,305:INFO:display_container: 2
2021-07-15 13:10:53,306:INFO:OrthogonalMatchingPursuit(fit_intercept=True, n_nonzero_coefs=None,
                          normalize=True, precompute='auto', tol=None)
2021-07-15 13:10:53,306:INFO:create_model() succesfully completed......................................
2021-07-15 13:10:53,442:WARNING:create_model() for OrthogonalMatchingPursuit(fit_intercept=True, n_nonzero_coefs=None,
                          normalize=True, precompute='auto', tol=None) raised an exception or returned all 0.0, trying without fit_kwargs:
2021-07-15 13:10:53,442:WARNING:Traceback (most recent call last):
  File "C:\Users\tsyco\AppData\Roaming\Python\Python38\site-packages\pycaret\internal\tabular.py", line 2179, in compare_models
    assert np.sum(model_results.iloc[0]) != 0.0
AssertionError

2021-07-15 13:10:53,442:INFO:Initializing create_model()
2021-07-15 13:10:53,442:INFO:create_model(estimator=OrthogonalMatchingPursuit(fit_intercept=True, n_nonzero_coefs=None,
                          normalize=True, precompute='auto', tol=None), fold=KFold(n_splits=3, random_state=None, shuffle=False), round=4, cross_validation=True, predict=True, fit_kwargs=None, groups=None, refit=False, verbose=False, system=False, metrics=None, display=<pycaret.internal.Display.Display object at 0x000002C51AA79970>, kwargs={})
2021-07-15 13:10:53,442:INFO:Checking exceptions
2021-07-15 13:10:53,442:INFO:Importing libraries
2021-07-15 13:10:53,443:INFO:Copying training dataset
2021-07-15 13:10:53,443:INFO:Defining folds
2021-07-15 13:10:53,443:INFO:Declaring metric variables
2021-07-15 13:10:53,449:INFO:Importing untrained model
2021-07-15 13:10:53,449:INFO:Declaring custom model
2021-07-15 13:10:53,455:INFO:Orthogonal Matching Pursuit Imported succesfully
2021-07-15 13:10:53,467:INFO:Starting cross validation
2021-07-15 13:10:53,468:INFO:Cross validating with KFold(n_splits=3, random_state=None, shuffle=False), n_jobs=-1
2021-07-15 13:10:53,482:INFO:Calculating mean and std
2021-07-15 13:10:53,482:INFO:Creating metrics dataframe
2021-07-15 13:10:53,486:INFO:Uploading results into container
2021-07-15 13:10:53,486:INFO:Uploading model into container now
2021-07-15 13:10:53,486:INFO:create_model_container: 14
2021-07-15 13:10:53,486:INFO:master_model_container: 14
2021-07-15 13:10:53,486:INFO:display_container: 2
2021-07-15 13:10:53,486:INFO:OrthogonalMatchingPursuit(fit_intercept=True, n_nonzero_coefs=None,
                          normalize=True, precompute='auto', tol=None)
2021-07-15 13:10:53,486:INFO:create_model() succesfully completed......................................
2021-07-15 13:10:53,622:INFO:SubProcess create_model() end ==================================
2021-07-15 13:10:53,622:INFO:Creating metrics dataframe
2021-07-15 13:10:53,641:INFO:Initializing Bayesian Ridge
2021-07-15 13:10:53,641:INFO:Total runtime is 0.1582966685295105 minutes
2021-07-15 13:10:53,648:INFO:SubProcess create_model() called ==================================
2021-07-15 13:10:53,648:INFO:Initializing create_model()
2021-07-15 13:10:53,648:INFO:create_model(estimator=br, fold=KFold(n_splits=3, random_state=None, shuffle=False), round=4, cross_validation=True, predict=True, fit_kwargs={}, groups=None, refit=False, verbose=False, system=False, metrics=None, display=<pycaret.internal.Display.Display object at 0x000002C51AA79970>, kwargs={})
2021-07-15 13:10:53,648:INFO:Checking exceptions
2021-07-15 13:10:53,648:INFO:Importing libraries
2021-07-15 13:10:53,648:INFO:Copying training dataset
2021-07-15 13:10:53,649:INFO:Defining folds
2021-07-15 13:10:53,649:INFO:Declaring metric variables
2021-07-15 13:10:53,655:INFO:Importing untrained model
2021-07-15 13:10:53,661:INFO:Bayesian Ridge Imported succesfully
2021-07-15 13:10:53,675:INFO:Starting cross validation
2021-07-15 13:10:53,676:INFO:Cross validating with KFold(n_splits=3, random_state=None, shuffle=False), n_jobs=-1
2021-07-15 13:10:53,690:INFO:Calculating mean and std
2021-07-15 13:10:53,690:INFO:Creating metrics dataframe
2021-07-15 13:10:53,693:INFO:Uploading results into container
2021-07-15 13:10:53,693:INFO:Uploading model into container now
2021-07-15 13:10:53,693:INFO:create_model_container: 15
2021-07-15 13:10:53,693:INFO:master_model_container: 15
2021-07-15 13:10:53,693:INFO:display_container: 2
2021-07-15 13:10:53,694:INFO:BayesianRidge(alpha_1=1e-06, alpha_2=1e-06, alpha_init=None,
              compute_score=False, copy_X=True, fit_intercept=True,
              lambda_1=1e-06, lambda_2=1e-06, lambda_init=None, n_iter=300,
              normalize=False, tol=0.001, verbose=False)
2021-07-15 13:10:53,694:INFO:create_model() succesfully completed......................................
2021-07-15 13:10:53,833:WARNING:create_model() for BayesianRidge(alpha_1=1e-06, alpha_2=1e-06, alpha_init=None,
              compute_score=False, copy_X=True, fit_intercept=True,
              lambda_1=1e-06, lambda_2=1e-06, lambda_init=None, n_iter=300,
              normalize=False, tol=0.001, verbose=False) raised an exception or returned all 0.0, trying without fit_kwargs:
2021-07-15 13:10:53,833:WARNING:Traceback (most recent call last):
  File "C:\Users\tsyco\AppData\Roaming\Python\Python38\site-packages\pycaret\internal\tabular.py", line 2179, in compare_models
    assert np.sum(model_results.iloc[0]) != 0.0
AssertionError

2021-07-15 13:10:53,834:INFO:Initializing create_model()
2021-07-15 13:10:53,834:INFO:create_model(estimator=BayesianRidge(alpha_1=1e-06, alpha_2=1e-06, alpha_init=None,
              compute_score=False, copy_X=True, fit_intercept=True,
              lambda_1=1e-06, lambda_2=1e-06, lambda_init=None, n_iter=300,
              normalize=False, tol=0.001, verbose=False), fold=KFold(n_splits=3, random_state=None, shuffle=False), round=4, cross_validation=True, predict=True, fit_kwargs=None, groups=None, refit=False, verbose=False, system=False, metrics=None, display=<pycaret.internal.Display.Display object at 0x000002C51AA79970>, kwargs={})
2021-07-15 13:10:53,834:INFO:Checking exceptions
2021-07-15 13:10:53,834:INFO:Importing libraries
2021-07-15 13:10:53,834:INFO:Copying training dataset
2021-07-15 13:10:53,835:INFO:Defining folds
2021-07-15 13:10:53,835:INFO:Declaring metric variables
2021-07-15 13:10:53,840:INFO:Importing untrained model
2021-07-15 13:10:53,841:INFO:Declaring custom model
2021-07-15 13:10:53,846:INFO:Bayesian Ridge Imported succesfully
2021-07-15 13:10:53,860:INFO:Starting cross validation
2021-07-15 13:10:53,861:INFO:Cross validating with KFold(n_splits=3, random_state=None, shuffle=False), n_jobs=-1
2021-07-15 13:10:53,876:INFO:Calculating mean and std
2021-07-15 13:10:53,876:INFO:Creating metrics dataframe
2021-07-15 13:10:53,879:INFO:Uploading results into container
2021-07-15 13:10:53,880:INFO:Uploading model into container now
2021-07-15 13:10:53,880:INFO:create_model_container: 16
2021-07-15 13:10:53,880:INFO:master_model_container: 16
2021-07-15 13:10:53,880:INFO:display_container: 2
2021-07-15 13:10:53,880:INFO:BayesianRidge(alpha_1=1e-06, alpha_2=1e-06, alpha_init=None,
              compute_score=False, copy_X=True, fit_intercept=True,
              lambda_1=1e-06, lambda_2=1e-06, lambda_init=None, n_iter=300,
              normalize=False, tol=0.001, verbose=False)
2021-07-15 13:10:53,880:INFO:create_model() succesfully completed......................................
2021-07-15 13:10:54,017:INFO:SubProcess create_model() end ==================================
2021-07-15 13:10:54,017:INFO:Creating metrics dataframe
2021-07-15 13:10:54,037:INFO:Initializing Passive Aggressive Regressor
2021-07-15 13:10:54,037:INFO:Total runtime is 0.16489119132359822 minutes
2021-07-15 13:10:54,043:INFO:SubProcess create_model() called ==================================
2021-07-15 13:10:54,044:INFO:Initializing create_model()
2021-07-15 13:10:54,044:INFO:create_model(estimator=par, fold=KFold(n_splits=3, random_state=None, shuffle=False), round=4, cross_validation=True, predict=True, fit_kwargs={}, groups=None, refit=False, verbose=False, system=False, metrics=None, display=<pycaret.internal.Display.Display object at 0x000002C51AA79970>, kwargs={})
2021-07-15 13:10:54,044:INFO:Checking exceptions
2021-07-15 13:10:54,044:INFO:Importing libraries
2021-07-15 13:10:54,044:INFO:Copying training dataset
2021-07-15 13:10:54,044:INFO:Defining folds
2021-07-15 13:10:54,045:INFO:Declaring metric variables
2021-07-15 13:10:54,050:INFO:Importing untrained model
2021-07-15 13:10:54,056:INFO:Passive Aggressive Regressor Imported succesfully
2021-07-15 13:10:54,068:INFO:Starting cross validation
2021-07-15 13:10:54,069:INFO:Cross validating with KFold(n_splits=3, random_state=None, shuffle=False), n_jobs=-1
2021-07-15 13:10:54,084:INFO:Calculating mean and std
2021-07-15 13:10:54,085:INFO:Creating metrics dataframe
2021-07-15 13:10:54,088:INFO:Uploading results into container
2021-07-15 13:10:54,088:INFO:Uploading model into container now
2021-07-15 13:10:54,088:INFO:create_model_container: 17
2021-07-15 13:10:54,088:INFO:master_model_container: 17
2021-07-15 13:10:54,088:INFO:display_container: 2
2021-07-15 13:10:54,089:INFO:PassiveAggressiveRegressor(C=1.0, average=False, early_stopping=False,
                           epsilon=0.1, fit_intercept=True,
                           loss='epsilon_insensitive', max_iter=1000,
                           n_iter_no_change=5, random_state=1767, shuffle=True,
                           tol=0.001, validation_fraction=0.1, verbose=0,
                           warm_start=False)
2021-07-15 13:10:54,089:INFO:create_model() succesfully completed......................................
2021-07-15 13:10:54,227:WARNING:create_model() for PassiveAggressiveRegressor(C=1.0, average=False, early_stopping=False,
                           epsilon=0.1, fit_intercept=True,
                           loss='epsilon_insensitive', max_iter=1000,
                           n_iter_no_change=5, random_state=1767, shuffle=True,
                           tol=0.001, validation_fraction=0.1, verbose=0,
                           warm_start=False) raised an exception or returned all 0.0, trying without fit_kwargs:
2021-07-15 13:10:54,227:WARNING:Traceback (most recent call last):
  File "C:\Users\tsyco\AppData\Roaming\Python\Python38\site-packages\pycaret\internal\tabular.py", line 2179, in compare_models
    assert np.sum(model_results.iloc[0]) != 0.0
AssertionError

2021-07-15 13:10:54,228:INFO:Initializing create_model()
2021-07-15 13:10:54,228:INFO:create_model(estimator=PassiveAggressiveRegressor(C=1.0, average=False, early_stopping=False,
                           epsilon=0.1, fit_intercept=True,
                           loss='epsilon_insensitive', max_iter=1000,
                           n_iter_no_change=5, random_state=1767, shuffle=True,
                           tol=0.001, validation_fraction=0.1, verbose=0,
                           warm_start=False), fold=KFold(n_splits=3, random_state=None, shuffle=False), round=4, cross_validation=True, predict=True, fit_kwargs=None, groups=None, refit=False, verbose=False, system=False, metrics=None, display=<pycaret.internal.Display.Display object at 0x000002C51AA79970>, kwargs={})
2021-07-15 13:10:54,228:INFO:Checking exceptions
2021-07-15 13:10:54,228:INFO:Importing libraries
2021-07-15 13:10:54,228:INFO:Copying training dataset
2021-07-15 13:10:54,229:INFO:Defining folds
2021-07-15 13:10:54,229:INFO:Declaring metric variables
2021-07-15 13:10:54,235:INFO:Importing untrained model
2021-07-15 13:10:54,235:INFO:Declaring custom model
2021-07-15 13:10:54,241:INFO:Passive Aggressive Regressor Imported succesfully
2021-07-15 13:10:54,253:INFO:Starting cross validation
2021-07-15 13:10:54,254:INFO:Cross validating with KFold(n_splits=3, random_state=None, shuffle=False), n_jobs=-1
2021-07-15 13:10:54,267:INFO:Calculating mean and std
2021-07-15 13:10:54,268:INFO:Creating metrics dataframe
2021-07-15 13:10:54,271:INFO:Uploading results into container
2021-07-15 13:10:54,272:INFO:Uploading model into container now
2021-07-15 13:10:54,272:INFO:create_model_container: 18
2021-07-15 13:10:54,272:INFO:master_model_container: 18
2021-07-15 13:10:54,272:INFO:display_container: 2
2021-07-15 13:10:54,272:INFO:PassiveAggressiveRegressor(C=1.0, average=False, early_stopping=False,
                           epsilon=0.1, fit_intercept=True,
                           loss='epsilon_insensitive', max_iter=1000,
                           n_iter_no_change=5, random_state=1767, shuffle=True,
                           tol=0.001, validation_fraction=0.1, verbose=0,
                           warm_start=False)
2021-07-15 13:10:54,272:INFO:create_model() succesfully completed......................................
2021-07-15 13:10:54,408:INFO:SubProcess create_model() end ==================================
2021-07-15 13:10:54,408:INFO:Creating metrics dataframe
2021-07-15 13:10:54,430:INFO:Initializing Huber Regressor
2021-07-15 13:10:54,430:INFO:Total runtime is 0.17144689559936524 minutes
2021-07-15 13:10:54,436:INFO:SubProcess create_model() called ==================================
2021-07-15 13:10:54,437:INFO:Initializing create_model()
2021-07-15 13:10:54,437:INFO:create_model(estimator=huber, fold=KFold(n_splits=3, random_state=None, shuffle=False), round=4, cross_validation=True, predict=True, fit_kwargs={}, groups=None, refit=False, verbose=False, system=False, metrics=None, display=<pycaret.internal.Display.Display object at 0x000002C51AA79970>, kwargs={})
2021-07-15 13:10:54,437:INFO:Checking exceptions
2021-07-15 13:10:54,437:INFO:Importing libraries
2021-07-15 13:10:54,437:INFO:Copying training dataset
2021-07-15 13:10:54,438:INFO:Defining folds
2021-07-15 13:10:54,438:INFO:Declaring metric variables
2021-07-15 13:10:54,444:INFO:Importing untrained model
2021-07-15 13:10:54,450:INFO:Huber Regressor Imported succesfully
2021-07-15 13:10:54,461:INFO:Starting cross validation
2021-07-15 13:10:54,462:INFO:Cross validating with KFold(n_splits=3, random_state=None, shuffle=False), n_jobs=-1
2021-07-15 13:10:54,475:INFO:Calculating mean and std
2021-07-15 13:10:54,476:INFO:Creating metrics dataframe
2021-07-15 13:10:54,479:INFO:Uploading results into container
2021-07-15 13:10:54,479:INFO:Uploading model into container now
2021-07-15 13:10:54,479:INFO:create_model_container: 19
2021-07-15 13:10:54,479:INFO:master_model_container: 19
2021-07-15 13:10:54,479:INFO:display_container: 2
2021-07-15 13:10:54,479:INFO:HuberRegressor(alpha=0.0001, epsilon=1.35, fit_intercept=True, max_iter=100,
               tol=1e-05, warm_start=False)
2021-07-15 13:10:54,479:INFO:create_model() succesfully completed......................................
2021-07-15 13:10:54,615:WARNING:create_model() for HuberRegressor(alpha=0.0001, epsilon=1.35, fit_intercept=True, max_iter=100,
               tol=1e-05, warm_start=False) raised an exception or returned all 0.0, trying without fit_kwargs:
2021-07-15 13:10:54,616:WARNING:Traceback (most recent call last):
  File "C:\Users\tsyco\AppData\Roaming\Python\Python38\site-packages\pycaret\internal\tabular.py", line 2179, in compare_models
    assert np.sum(model_results.iloc[0]) != 0.0
AssertionError

2021-07-15 13:10:54,616:INFO:Initializing create_model()
2021-07-15 13:10:54,616:INFO:create_model(estimator=HuberRegressor(alpha=0.0001, epsilon=1.35, fit_intercept=True, max_iter=100,
               tol=1e-05, warm_start=False), fold=KFold(n_splits=3, random_state=None, shuffle=False), round=4, cross_validation=True, predict=True, fit_kwargs=None, groups=None, refit=False, verbose=False, system=False, metrics=None, display=<pycaret.internal.Display.Display object at 0x000002C51AA79970>, kwargs={})
2021-07-15 13:10:54,616:INFO:Checking exceptions
2021-07-15 13:10:54,616:INFO:Importing libraries
2021-07-15 13:10:54,616:INFO:Copying training dataset
2021-07-15 13:10:54,617:INFO:Defining folds
2021-07-15 13:10:54,617:INFO:Declaring metric variables
2021-07-15 13:10:54,623:INFO:Importing untrained model
2021-07-15 13:10:54,623:INFO:Declaring custom model
2021-07-15 13:10:54,629:INFO:Huber Regressor Imported succesfully
2021-07-15 13:10:54,640:INFO:Starting cross validation
2021-07-15 13:10:54,640:INFO:Cross validating with KFold(n_splits=3, random_state=None, shuffle=False), n_jobs=-1
2021-07-15 13:10:54,655:INFO:Calculating mean and std
2021-07-15 13:10:54,656:INFO:Creating metrics dataframe
2021-07-15 13:10:54,660:INFO:Uploading results into container
2021-07-15 13:10:54,660:INFO:Uploading model into container now
2021-07-15 13:10:54,660:INFO:create_model_container: 20
2021-07-15 13:10:54,660:INFO:master_model_container: 20
2021-07-15 13:10:54,660:INFO:display_container: 2
2021-07-15 13:10:54,660:INFO:HuberRegressor(alpha=0.0001, epsilon=1.35, fit_intercept=True, max_iter=100,
               tol=1e-05, warm_start=False)
2021-07-15 13:10:54,660:INFO:create_model() succesfully completed......................................
2021-07-15 13:10:54,797:INFO:SubProcess create_model() end ==================================
2021-07-15 13:10:54,797:INFO:Creating metrics dataframe
2021-07-15 13:10:54,821:INFO:Initializing K Neighbors Regressor
2021-07-15 13:10:54,821:INFO:Total runtime is 0.1779617150624593 minutes
2021-07-15 13:10:54,828:INFO:SubProcess create_model() called ==================================
2021-07-15 13:10:54,828:INFO:Initializing create_model()
2021-07-15 13:10:54,828:INFO:create_model(estimator=knn, fold=KFold(n_splits=3, random_state=None, shuffle=False), round=4, cross_validation=True, predict=True, fit_kwargs={}, groups=None, refit=False, verbose=False, system=False, metrics=None, display=<pycaret.internal.Display.Display object at 0x000002C51AA79970>, kwargs={})
2021-07-15 13:10:54,828:INFO:Checking exceptions
2021-07-15 13:10:54,829:INFO:Importing libraries
2021-07-15 13:10:54,829:INFO:Copying training dataset
2021-07-15 13:10:54,829:INFO:Defining folds
2021-07-15 13:10:54,829:INFO:Declaring metric variables
2021-07-15 13:10:54,835:INFO:Importing untrained model
2021-07-15 13:10:54,842:INFO:K Neighbors Regressor Imported succesfully
2021-07-15 13:10:54,854:INFO:Starting cross validation
2021-07-15 13:10:54,855:INFO:Cross validating with KFold(n_splits=3, random_state=None, shuffle=False), n_jobs=-1
2021-07-15 13:10:54,869:INFO:Calculating mean and std
2021-07-15 13:10:54,869:INFO:Creating metrics dataframe
2021-07-15 13:10:54,872:INFO:Uploading results into container
2021-07-15 13:10:54,872:INFO:Uploading model into container now
2021-07-15 13:10:54,872:INFO:create_model_container: 21
2021-07-15 13:10:54,872:INFO:master_model_container: 21
2021-07-15 13:10:54,872:INFO:display_container: 2
2021-07-15 13:10:54,872:INFO:KNeighborsRegressor(algorithm='auto', leaf_size=30, metric='minkowski',
                    metric_params=None, n_jobs=-1, n_neighbors=5, p=2,
                    weights='uniform')
2021-07-15 13:10:54,872:INFO:create_model() succesfully completed......................................
2021-07-15 13:10:55,009:WARNING:create_model() for KNeighborsRegressor(algorithm='auto', leaf_size=30, metric='minkowski',
                    metric_params=None, n_jobs=-1, n_neighbors=5, p=2,
                    weights='uniform') raised an exception or returned all 0.0, trying without fit_kwargs:
2021-07-15 13:10:55,009:WARNING:Traceback (most recent call last):
  File "C:\Users\tsyco\AppData\Roaming\Python\Python38\site-packages\pycaret\internal\tabular.py", line 2179, in compare_models
    assert np.sum(model_results.iloc[0]) != 0.0
AssertionError

2021-07-15 13:10:55,009:INFO:Initializing create_model()
2021-07-15 13:10:55,009:INFO:create_model(estimator=KNeighborsRegressor(algorithm='auto', leaf_size=30, metric='minkowski',
                    metric_params=None, n_jobs=-1, n_neighbors=5, p=2,
                    weights='uniform'), fold=KFold(n_splits=3, random_state=None, shuffle=False), round=4, cross_validation=True, predict=True, fit_kwargs=None, groups=None, refit=False, verbose=False, system=False, metrics=None, display=<pycaret.internal.Display.Display object at 0x000002C51AA79970>, kwargs={})
2021-07-15 13:10:55,009:INFO:Checking exceptions
2021-07-15 13:10:55,009:INFO:Importing libraries
2021-07-15 13:10:55,009:INFO:Copying training dataset
2021-07-15 13:10:55,010:INFO:Defining folds
2021-07-15 13:10:55,010:INFO:Declaring metric variables
2021-07-15 13:10:55,015:INFO:Importing untrained model
2021-07-15 13:10:55,015:INFO:Declaring custom model
2021-07-15 13:10:55,021:INFO:K Neighbors Regressor Imported succesfully
2021-07-15 13:10:55,032:INFO:Starting cross validation
2021-07-15 13:10:55,033:INFO:Cross validating with KFold(n_splits=3, random_state=None, shuffle=False), n_jobs=-1
2021-07-15 13:10:55,047:INFO:Calculating mean and std
2021-07-15 13:10:55,047:INFO:Creating metrics dataframe
2021-07-15 13:10:55,050:INFO:Uploading results into container
2021-07-15 13:10:55,050:INFO:Uploading model into container now
2021-07-15 13:10:55,050:INFO:create_model_container: 22
2021-07-15 13:10:55,050:INFO:master_model_container: 22
2021-07-15 13:10:55,050:INFO:display_container: 2
2021-07-15 13:10:55,050:INFO:KNeighborsRegressor(algorithm='auto', leaf_size=30, metric='minkowski',
                    metric_params=None, n_jobs=-1, n_neighbors=5, p=2,
                    weights='uniform')
2021-07-15 13:10:55,050:INFO:create_model() succesfully completed......................................
2021-07-15 13:10:55,186:INFO:SubProcess create_model() end ==================================
2021-07-15 13:10:55,186:INFO:Creating metrics dataframe
2021-07-15 13:10:55,211:INFO:Initializing Decision Tree Regressor
2021-07-15 13:10:55,211:INFO:Total runtime is 0.1844643274943034 minutes
2021-07-15 13:10:55,217:INFO:SubProcess create_model() called ==================================
2021-07-15 13:10:55,217:INFO:Initializing create_model()
2021-07-15 13:10:55,217:INFO:create_model(estimator=dt, fold=KFold(n_splits=3, random_state=None, shuffle=False), round=4, cross_validation=True, predict=True, fit_kwargs={}, groups=None, refit=False, verbose=False, system=False, metrics=None, display=<pycaret.internal.Display.Display object at 0x000002C51AA79970>, kwargs={})
2021-07-15 13:10:55,217:INFO:Checking exceptions
2021-07-15 13:10:55,217:INFO:Importing libraries
2021-07-15 13:10:55,218:INFO:Copying training dataset
2021-07-15 13:10:55,218:INFO:Defining folds
2021-07-15 13:10:55,218:INFO:Declaring metric variables
2021-07-15 13:10:55,223:INFO:Importing untrained model
2021-07-15 13:10:55,230:INFO:Decision Tree Regressor Imported succesfully
2021-07-15 13:10:55,241:INFO:Starting cross validation
2021-07-15 13:10:55,242:INFO:Cross validating with KFold(n_splits=3, random_state=None, shuffle=False), n_jobs=-1
2021-07-15 13:10:55,258:INFO:Calculating mean and std
2021-07-15 13:10:55,258:INFO:Creating metrics dataframe
2021-07-15 13:10:55,260:INFO:Uploading results into container
2021-07-15 13:10:55,261:INFO:Uploading model into container now
2021-07-15 13:10:55,261:INFO:create_model_container: 23
2021-07-15 13:10:55,261:INFO:master_model_container: 23
2021-07-15 13:10:55,261:INFO:display_container: 2
2021-07-15 13:10:55,261:INFO:DecisionTreeRegressor(ccp_alpha=0.0, criterion='mse', max_depth=None,
                      max_features=None, max_leaf_nodes=None,
                      min_impurity_decrease=0.0, min_impurity_split=None,
                      min_samples_leaf=1, min_samples_split=2,
                      min_weight_fraction_leaf=0.0, presort='deprecated',
                      random_state=1767, splitter='best')
2021-07-15 13:10:55,261:INFO:create_model() succesfully completed......................................
2021-07-15 13:10:55,409:WARNING:create_model() for DecisionTreeRegressor(ccp_alpha=0.0, criterion='mse', max_depth=None,
                      max_features=None, max_leaf_nodes=None,
                      min_impurity_decrease=0.0, min_impurity_split=None,
                      min_samples_leaf=1, min_samples_split=2,
                      min_weight_fraction_leaf=0.0, presort='deprecated',
                      random_state=1767, splitter='best') raised an exception or returned all 0.0, trying without fit_kwargs:
2021-07-15 13:10:55,409:WARNING:Traceback (most recent call last):
  File "C:\Users\tsyco\AppData\Roaming\Python\Python38\site-packages\pycaret\internal\tabular.py", line 2179, in compare_models
    assert np.sum(model_results.iloc[0]) != 0.0
AssertionError

2021-07-15 13:10:55,409:INFO:Initializing create_model()
2021-07-15 13:10:55,409:INFO:create_model(estimator=DecisionTreeRegressor(ccp_alpha=0.0, criterion='mse', max_depth=None,
                      max_features=None, max_leaf_nodes=None,
                      min_impurity_decrease=0.0, min_impurity_split=None,
                      min_samples_leaf=1, min_samples_split=2,
                      min_weight_fraction_leaf=0.0, presort='deprecated',
                      random_state=1767, splitter='best'), fold=KFold(n_splits=3, random_state=None, shuffle=False), round=4, cross_validation=True, predict=True, fit_kwargs=None, groups=None, refit=False, verbose=False, system=False, metrics=None, display=<pycaret.internal.Display.Display object at 0x000002C51AA79970>, kwargs={})
2021-07-15 13:10:55,409:INFO:Checking exceptions
2021-07-15 13:10:55,410:INFO:Importing libraries
2021-07-15 13:10:55,410:INFO:Copying training dataset
2021-07-15 13:10:55,410:INFO:Defining folds
2021-07-15 13:10:55,410:INFO:Declaring metric variables
2021-07-15 13:10:55,415:INFO:Importing untrained model
2021-07-15 13:10:55,416:INFO:Declaring custom model
2021-07-15 13:10:55,422:INFO:Decision Tree Regressor Imported succesfully
2021-07-15 13:10:55,435:INFO:Starting cross validation
2021-07-15 13:10:55,435:INFO:Cross validating with KFold(n_splits=3, random_state=None, shuffle=False), n_jobs=-1
2021-07-15 13:10:55,451:INFO:Calculating mean and std
2021-07-15 13:10:55,451:INFO:Creating metrics dataframe
2021-07-15 13:10:55,454:INFO:Uploading results into container
2021-07-15 13:10:55,454:INFO:Uploading model into container now
2021-07-15 13:10:55,454:INFO:create_model_container: 24
2021-07-15 13:10:55,454:INFO:master_model_container: 24
2021-07-15 13:10:55,454:INFO:display_container: 2
2021-07-15 13:10:55,455:INFO:DecisionTreeRegressor(ccp_alpha=0.0, criterion='mse', max_depth=None,
                      max_features=None, max_leaf_nodes=None,
                      min_impurity_decrease=0.0, min_impurity_split=None,
                      min_samples_leaf=1, min_samples_split=2,
                      min_weight_fraction_leaf=0.0, presort='deprecated',
                      random_state=1767, splitter='best')
2021-07-15 13:10:55,455:INFO:create_model() succesfully completed......................................
2021-07-15 13:10:55,598:INFO:SubProcess create_model() end ==================================
2021-07-15 13:10:55,598:INFO:Creating metrics dataframe
2021-07-15 13:10:55,626:INFO:Initializing Random Forest Regressor
2021-07-15 13:10:55,626:INFO:Total runtime is 0.19138236840566 minutes
2021-07-15 13:10:55,633:INFO:SubProcess create_model() called ==================================
2021-07-15 13:10:55,634:INFO:Initializing create_model()
2021-07-15 13:10:55,634:INFO:create_model(estimator=rf, fold=KFold(n_splits=3, random_state=None, shuffle=False), round=4, cross_validation=True, predict=True, fit_kwargs={}, groups=None, refit=False, verbose=False, system=False, metrics=None, display=<pycaret.internal.Display.Display object at 0x000002C51AA79970>, kwargs={})
2021-07-15 13:10:55,634:INFO:Checking exceptions
2021-07-15 13:10:55,634:INFO:Importing libraries
2021-07-15 13:10:55,634:INFO:Copying training dataset
2021-07-15 13:10:55,634:INFO:Defining folds
2021-07-15 13:10:55,634:INFO:Declaring metric variables
2021-07-15 13:10:55,641:INFO:Importing untrained model
2021-07-15 13:10:55,648:INFO:Random Forest Regressor Imported succesfully
2021-07-15 13:10:55,662:INFO:Starting cross validation
2021-07-15 13:10:55,663:INFO:Cross validating with KFold(n_splits=3, random_state=None, shuffle=False), n_jobs=-1
2021-07-15 13:10:55,678:INFO:Calculating mean and std
2021-07-15 13:10:55,678:INFO:Creating metrics dataframe
2021-07-15 13:10:55,681:INFO:Uploading results into container
2021-07-15 13:10:55,681:INFO:Uploading model into container now
2021-07-15 13:10:55,681:INFO:create_model_container: 25
2021-07-15 13:10:55,681:INFO:master_model_container: 25
2021-07-15 13:10:55,681:INFO:display_container: 2
2021-07-15 13:10:55,682:INFO:RandomForestRegressor(bootstrap=True, ccp_alpha=0.0, criterion='mse',
                      max_depth=None, max_features='auto', max_leaf_nodes=None,
                      max_samples=None, min_impurity_decrease=0.0,
                      min_impurity_split=None, min_samples_leaf=1,
                      min_samples_split=2, min_weight_fraction_leaf=0.0,
                      n_estimators=100, n_jobs=-1, oob_score=False,
                      random_state=1767, verbose=0, warm_start=False)
2021-07-15 13:10:55,682:INFO:create_model() succesfully completed......................................
2021-07-15 13:10:55,834:WARNING:create_model() for RandomForestRegressor(bootstrap=True, ccp_alpha=0.0, criterion='mse',
                      max_depth=None, max_features='auto', max_leaf_nodes=None,
                      max_samples=None, min_impurity_decrease=0.0,
                      min_impurity_split=None, min_samples_leaf=1,
                      min_samples_split=2, min_weight_fraction_leaf=0.0,
                      n_estimators=100, n_jobs=-1, oob_score=False,
                      random_state=1767, verbose=0, warm_start=False) raised an exception or returned all 0.0, trying without fit_kwargs:
2021-07-15 13:10:55,834:WARNING:Traceback (most recent call last):
  File "C:\Users\tsyco\AppData\Roaming\Python\Python38\site-packages\pycaret\internal\tabular.py", line 2179, in compare_models
    assert np.sum(model_results.iloc[0]) != 0.0
AssertionError

2021-07-15 13:10:55,834:INFO:Initializing create_model()
2021-07-15 13:10:55,834:INFO:create_model(estimator=RandomForestRegressor(bootstrap=True, ccp_alpha=0.0, criterion='mse',
                      max_depth=None, max_features='auto', max_leaf_nodes=None,
                      max_samples=None, min_impurity_decrease=0.0,
                      min_impurity_split=None, min_samples_leaf=1,
                      min_samples_split=2, min_weight_fraction_leaf=0.0,
                      n_estimators=100, n_jobs=-1, oob_score=False,
                      random_state=1767, verbose=0, warm_start=False), fold=KFold(n_splits=3, random_state=None, shuffle=False), round=4, cross_validation=True, predict=True, fit_kwargs=None, groups=None, refit=False, verbose=False, system=False, metrics=None, display=<pycaret.internal.Display.Display object at 0x000002C51AA79970>, kwargs={})
2021-07-15 13:10:55,834:INFO:Checking exceptions
2021-07-15 13:10:55,834:INFO:Importing libraries
2021-07-15 13:10:55,834:INFO:Copying training dataset
2021-07-15 13:10:55,835:INFO:Defining folds
2021-07-15 13:10:55,835:INFO:Declaring metric variables
2021-07-15 13:10:55,841:INFO:Importing untrained model
2021-07-15 13:10:55,841:INFO:Declaring custom model
2021-07-15 13:10:55,848:INFO:Random Forest Regressor Imported succesfully
2021-07-15 13:10:55,865:INFO:Starting cross validation
2021-07-15 13:10:55,865:INFO:Cross validating with KFold(n_splits=3, random_state=None, shuffle=False), n_jobs=-1
2021-07-15 13:10:55,881:INFO:Calculating mean and std
2021-07-15 13:10:55,882:INFO:Creating metrics dataframe
2021-07-15 13:10:55,885:INFO:Uploading results into container
2021-07-15 13:10:55,885:INFO:Uploading model into container now
2021-07-15 13:10:55,885:INFO:create_model_container: 26
2021-07-15 13:10:55,885:INFO:master_model_container: 26
2021-07-15 13:10:55,885:INFO:display_container: 2
2021-07-15 13:10:55,886:INFO:RandomForestRegressor(bootstrap=True, ccp_alpha=0.0, criterion='mse',
                      max_depth=None, max_features='auto', max_leaf_nodes=None,
                      max_samples=None, min_impurity_decrease=0.0,
                      min_impurity_split=None, min_samples_leaf=1,
                      min_samples_split=2, min_weight_fraction_leaf=0.0,
                      n_estimators=100, n_jobs=-1, oob_score=False,
                      random_state=1767, verbose=0, warm_start=False)
2021-07-15 13:10:55,886:INFO:create_model() succesfully completed......................................
2021-07-15 13:10:56,027:INFO:SubProcess create_model() end ==================================
2021-07-15 13:10:56,027:INFO:Creating metrics dataframe
2021-07-15 13:10:56,055:INFO:Initializing Extra Trees Regressor
2021-07-15 13:10:56,055:INFO:Total runtime is 0.1985270380973816 minutes
2021-07-15 13:10:56,061:INFO:SubProcess create_model() called ==================================
2021-07-15 13:10:56,061:INFO:Initializing create_model()
2021-07-15 13:10:56,061:INFO:create_model(estimator=et, fold=KFold(n_splits=3, random_state=None, shuffle=False), round=4, cross_validation=True, predict=True, fit_kwargs={}, groups=None, refit=False, verbose=False, system=False, metrics=None, display=<pycaret.internal.Display.Display object at 0x000002C51AA79970>, kwargs={})
2021-07-15 13:10:56,061:INFO:Checking exceptions
2021-07-15 13:10:56,062:INFO:Importing libraries
2021-07-15 13:10:56,062:INFO:Copying training dataset
2021-07-15 13:10:56,062:INFO:Defining folds
2021-07-15 13:10:56,062:INFO:Declaring metric variables
2021-07-15 13:10:56,068:INFO:Importing untrained model
2021-07-15 13:10:56,074:INFO:Extra Trees Regressor Imported succesfully
2021-07-15 13:10:56,085:INFO:Starting cross validation
2021-07-15 13:10:56,085:INFO:Cross validating with KFold(n_splits=3, random_state=None, shuffle=False), n_jobs=-1
2021-07-15 13:10:56,100:INFO:Calculating mean and std
2021-07-15 13:10:56,100:INFO:Creating metrics dataframe
2021-07-15 13:10:56,102:INFO:Uploading results into container
2021-07-15 13:10:56,103:INFO:Uploading model into container now
2021-07-15 13:10:56,103:INFO:create_model_container: 27
2021-07-15 13:10:56,103:INFO:master_model_container: 27
2021-07-15 13:10:56,103:INFO:display_container: 2
2021-07-15 13:10:56,103:INFO:ExtraTreesRegressor(bootstrap=False, ccp_alpha=0.0, criterion='mse',
                    max_depth=None, max_features='auto', max_leaf_nodes=None,
                    max_samples=None, min_impurity_decrease=0.0,
                    min_impurity_split=None, min_samples_leaf=1,
                    min_samples_split=2, min_weight_fraction_leaf=0.0,
                    n_estimators=100, n_jobs=-1, oob_score=False,
                    random_state=1767, verbose=0, warm_start=False)
2021-07-15 13:10:56,103:INFO:create_model() succesfully completed......................................
2021-07-15 13:10:56,239:WARNING:create_model() for ExtraTreesRegressor(bootstrap=False, ccp_alpha=0.0, criterion='mse',
                    max_depth=None, max_features='auto', max_leaf_nodes=None,
                    max_samples=None, min_impurity_decrease=0.0,
                    min_impurity_split=None, min_samples_leaf=1,
                    min_samples_split=2, min_weight_fraction_leaf=0.0,
                    n_estimators=100, n_jobs=-1, oob_score=False,
                    random_state=1767, verbose=0, warm_start=False) raised an exception or returned all 0.0, trying without fit_kwargs:
2021-07-15 13:10:56,240:WARNING:Traceback (most recent call last):
  File "C:\Users\tsyco\AppData\Roaming\Python\Python38\site-packages\pycaret\internal\tabular.py", line 2179, in compare_models
    assert np.sum(model_results.iloc[0]) != 0.0
AssertionError

2021-07-15 13:10:56,240:INFO:Initializing create_model()
2021-07-15 13:10:56,240:INFO:create_model(estimator=ExtraTreesRegressor(bootstrap=False, ccp_alpha=0.0, criterion='mse',
                    max_depth=None, max_features='auto', max_leaf_nodes=None,
                    max_samples=None, min_impurity_decrease=0.0,
                    min_impurity_split=None, min_samples_leaf=1,
                    min_samples_split=2, min_weight_fraction_leaf=0.0,
                    n_estimators=100, n_jobs=-1, oob_score=False,
                    random_state=1767, verbose=0, warm_start=False), fold=KFold(n_splits=3, random_state=None, shuffle=False), round=4, cross_validation=True, predict=True, fit_kwargs=None, groups=None, refit=False, verbose=False, system=False, metrics=None, display=<pycaret.internal.Display.Display object at 0x000002C51AA79970>, kwargs={})
2021-07-15 13:10:56,240:INFO:Checking exceptions
2021-07-15 13:10:56,240:INFO:Importing libraries
2021-07-15 13:10:56,240:INFO:Copying training dataset
2021-07-15 13:10:56,240:INFO:Defining folds
2021-07-15 13:10:56,240:INFO:Declaring metric variables
2021-07-15 13:10:56,246:INFO:Importing untrained model
2021-07-15 13:10:56,246:INFO:Declaring custom model
2021-07-15 13:10:56,252:INFO:Extra Trees Regressor Imported succesfully
2021-07-15 13:10:56,263:INFO:Starting cross validation
2021-07-15 13:10:56,263:INFO:Cross validating with KFold(n_splits=3, random_state=None, shuffle=False), n_jobs=-1
2021-07-15 13:10:56,278:INFO:Calculating mean and std
2021-07-15 13:10:56,278:INFO:Creating metrics dataframe
2021-07-15 13:10:56,280:INFO:Uploading results into container
2021-07-15 13:10:56,280:INFO:Uploading model into container now
2021-07-15 13:10:56,281:INFO:create_model_container: 28
2021-07-15 13:10:56,281:INFO:master_model_container: 28
2021-07-15 13:10:56,281:INFO:display_container: 2
2021-07-15 13:10:56,281:INFO:ExtraTreesRegressor(bootstrap=False, ccp_alpha=0.0, criterion='mse',
                    max_depth=None, max_features='auto', max_leaf_nodes=None,
                    max_samples=None, min_impurity_decrease=0.0,
                    min_impurity_split=None, min_samples_leaf=1,
                    min_samples_split=2, min_weight_fraction_leaf=0.0,
                    n_estimators=100, n_jobs=-1, oob_score=False,
                    random_state=1767, verbose=0, warm_start=False)
2021-07-15 13:10:56,281:INFO:create_model() succesfully completed......................................
2021-07-15 13:10:56,416:INFO:SubProcess create_model() end ==================================
2021-07-15 13:10:56,416:INFO:Creating metrics dataframe
2021-07-15 13:10:56,446:INFO:Initializing AdaBoost Regressor
2021-07-15 13:10:56,446:INFO:Total runtime is 0.20504682858784992 minutes
2021-07-15 13:10:56,452:INFO:SubProcess create_model() called ==================================
2021-07-15 13:10:56,452:INFO:Initializing create_model()
2021-07-15 13:10:56,452:INFO:create_model(estimator=ada, fold=KFold(n_splits=3, random_state=None, shuffle=False), round=4, cross_validation=True, predict=True, fit_kwargs={}, groups=None, refit=False, verbose=False, system=False, metrics=None, display=<pycaret.internal.Display.Display object at 0x000002C51AA79970>, kwargs={})
2021-07-15 13:10:56,452:INFO:Checking exceptions
2021-07-15 13:10:56,452:INFO:Importing libraries
2021-07-15 13:10:56,452:INFO:Copying training dataset
2021-07-15 13:10:56,452:INFO:Defining folds
2021-07-15 13:10:56,452:INFO:Declaring metric variables
2021-07-15 13:10:56,458:INFO:Importing untrained model
2021-07-15 13:10:56,464:INFO:AdaBoost Regressor Imported succesfully
2021-07-15 13:10:56,476:INFO:Starting cross validation
2021-07-15 13:10:56,478:INFO:Cross validating with KFold(n_splits=3, random_state=None, shuffle=False), n_jobs=-1
2021-07-15 13:10:56,493:INFO:Calculating mean and std
2021-07-15 13:10:56,493:INFO:Creating metrics dataframe
2021-07-15 13:10:56,496:INFO:Uploading results into container
2021-07-15 13:10:56,497:INFO:Uploading model into container now
2021-07-15 13:10:56,497:INFO:create_model_container: 29
2021-07-15 13:10:56,497:INFO:master_model_container: 29
2021-07-15 13:10:56,497:INFO:display_container: 2
2021-07-15 13:10:56,497:INFO:AdaBoostRegressor(base_estimator=None, learning_rate=1.0, loss='linear',
                  n_estimators=50, random_state=1767)
2021-07-15 13:10:56,497:INFO:create_model() succesfully completed......................................
2021-07-15 13:10:56,633:WARNING:create_model() for AdaBoostRegressor(base_estimator=None, learning_rate=1.0, loss='linear',
                  n_estimators=50, random_state=1767) raised an exception or returned all 0.0, trying without fit_kwargs:
2021-07-15 13:10:56,633:WARNING:Traceback (most recent call last):
  File "C:\Users\tsyco\AppData\Roaming\Python\Python38\site-packages\pycaret\internal\tabular.py", line 2179, in compare_models
    assert np.sum(model_results.iloc[0]) != 0.0
AssertionError

2021-07-15 13:10:56,634:INFO:Initializing create_model()
2021-07-15 13:10:56,634:INFO:create_model(estimator=AdaBoostRegressor(base_estimator=None, learning_rate=1.0, loss='linear',
                  n_estimators=50, random_state=1767), fold=KFold(n_splits=3, random_state=None, shuffle=False), round=4, cross_validation=True, predict=True, fit_kwargs=None, groups=None, refit=False, verbose=False, system=False, metrics=None, display=<pycaret.internal.Display.Display object at 0x000002C51AA79970>, kwargs={})
2021-07-15 13:10:56,634:INFO:Checking exceptions
2021-07-15 13:10:56,634:INFO:Importing libraries
2021-07-15 13:10:56,634:INFO:Copying training dataset
2021-07-15 13:10:56,634:INFO:Defining folds
2021-07-15 13:10:56,634:INFO:Declaring metric variables
2021-07-15 13:10:56,640:INFO:Importing untrained model
2021-07-15 13:10:56,640:INFO:Declaring custom model
2021-07-15 13:10:56,646:INFO:AdaBoost Regressor Imported succesfully
2021-07-15 13:10:56,657:INFO:Starting cross validation
2021-07-15 13:10:56,658:INFO:Cross validating with KFold(n_splits=3, random_state=None, shuffle=False), n_jobs=-1
2021-07-15 13:10:56,672:INFO:Calculating mean and std
2021-07-15 13:10:56,672:INFO:Creating metrics dataframe
2021-07-15 13:10:56,675:INFO:Uploading results into container
2021-07-15 13:10:56,675:INFO:Uploading model into container now
2021-07-15 13:10:56,675:INFO:create_model_container: 30
2021-07-15 13:10:56,675:INFO:master_model_container: 30
2021-07-15 13:10:56,675:INFO:display_container: 2
2021-07-15 13:10:56,676:INFO:AdaBoostRegressor(base_estimator=None, learning_rate=1.0, loss='linear',
                  n_estimators=50, random_state=1767)
2021-07-15 13:10:56,676:INFO:create_model() succesfully completed......................................
2021-07-15 13:10:56,810:INFO:SubProcess create_model() end ==================================
2021-07-15 13:10:56,810:INFO:Creating metrics dataframe
2021-07-15 13:10:56,842:INFO:Initializing Gradient Boosting Regressor
2021-07-15 13:10:56,842:INFO:Total runtime is 0.2116466442743937 minutes
2021-07-15 13:10:56,847:INFO:SubProcess create_model() called ==================================
2021-07-15 13:10:56,848:INFO:Initializing create_model()
2021-07-15 13:10:56,848:INFO:create_model(estimator=gbr, fold=KFold(n_splits=3, random_state=None, shuffle=False), round=4, cross_validation=True, predict=True, fit_kwargs={}, groups=None, refit=False, verbose=False, system=False, metrics=None, display=<pycaret.internal.Display.Display object at 0x000002C51AA79970>, kwargs={})
2021-07-15 13:10:56,848:INFO:Checking exceptions
2021-07-15 13:10:56,848:INFO:Importing libraries
2021-07-15 13:10:56,848:INFO:Copying training dataset
2021-07-15 13:10:56,848:INFO:Defining folds
2021-07-15 13:10:56,848:INFO:Declaring metric variables
2021-07-15 13:10:56,855:INFO:Importing untrained model
2021-07-15 13:10:56,862:INFO:Gradient Boosting Regressor Imported succesfully
2021-07-15 13:10:56,874:INFO:Starting cross validation
2021-07-15 13:10:56,875:INFO:Cross validating with KFold(n_splits=3, random_state=None, shuffle=False), n_jobs=-1
2021-07-15 13:10:56,889:INFO:Calculating mean and std
2021-07-15 13:10:56,890:INFO:Creating metrics dataframe
2021-07-15 13:10:56,892:INFO:Uploading results into container
2021-07-15 13:10:56,893:INFO:Uploading model into container now
2021-07-15 13:10:56,893:INFO:create_model_container: 31
2021-07-15 13:10:56,893:INFO:master_model_container: 31
2021-07-15 13:10:56,893:INFO:display_container: 2
2021-07-15 13:10:56,893:INFO:GradientBoostingRegressor(alpha=0.9, ccp_alpha=0.0, criterion='friedman_mse',
                          init=None, learning_rate=0.1, loss='ls', max_depth=3,
                          max_features=None, max_leaf_nodes=None,
                          min_impurity_decrease=0.0, min_impurity_split=None,
                          min_samples_leaf=1, min_samples_split=2,
                          min_weight_fraction_leaf=0.0, n_estimators=100,
                          n_iter_no_change=None, presort='deprecated',
                          random_state=1767, subsample=1.0, tol=0.0001,
                          validation_fraction=0.1, verbose=0, warm_start=False)
2021-07-15 13:10:56,893:INFO:create_model() succesfully completed......................................
2021-07-15 13:10:57,030:WARNING:create_model() for GradientBoostingRegressor(alpha=0.9, ccp_alpha=0.0, criterion='friedman_mse',
                          init=None, learning_rate=0.1, loss='ls', max_depth=3,
                          max_features=None, max_leaf_nodes=None,
                          min_impurity_decrease=0.0, min_impurity_split=None,
                          min_samples_leaf=1, min_samples_split=2,
                          min_weight_fraction_leaf=0.0, n_estimators=100,
                          n_iter_no_change=None, presort='deprecated',
                          random_state=1767, subsample=1.0, tol=0.0001,
                          validation_fraction=0.1, verbose=0, warm_start=False) raised an exception or returned all 0.0, trying without fit_kwargs:
2021-07-15 13:10:57,030:WARNING:Traceback (most recent call last):
  File "C:\Users\tsyco\AppData\Roaming\Python\Python38\site-packages\pycaret\internal\tabular.py", line 2179, in compare_models
    assert np.sum(model_results.iloc[0]) != 0.0
AssertionError

2021-07-15 13:10:57,030:INFO:Initializing create_model()
2021-07-15 13:10:57,030:INFO:create_model(estimator=GradientBoostingRegressor(alpha=0.9, ccp_alpha=0.0, criterion='friedman_mse',
                          init=None, learning_rate=0.1, loss='ls', max_depth=3,
                          max_features=None, max_leaf_nodes=None,
                          min_impurity_decrease=0.0, min_impurity_split=None,
                          min_samples_leaf=1, min_samples_split=2,
                          min_weight_fraction_leaf=0.0, n_estimators=100,
                          n_iter_no_change=None, presort='deprecated',
                          random_state=1767, subsample=1.0, tol=0.0001,
                          validation_fraction=0.1, verbose=0, warm_start=False), fold=KFold(n_splits=3, random_state=None, shuffle=False), round=4, cross_validation=True, predict=True, fit_kwargs=None, groups=None, refit=False, verbose=False, system=False, metrics=None, display=<pycaret.internal.Display.Display object at 0x000002C51AA79970>, kwargs={})
2021-07-15 13:10:57,030:INFO:Checking exceptions
2021-07-15 13:10:57,030:INFO:Importing libraries
2021-07-15 13:10:57,030:INFO:Copying training dataset
2021-07-15 13:10:57,031:INFO:Defining folds
2021-07-15 13:10:57,031:INFO:Declaring metric variables
2021-07-15 13:10:57,036:INFO:Importing untrained model
2021-07-15 13:10:57,036:INFO:Declaring custom model
2021-07-15 13:10:57,043:INFO:Gradient Boosting Regressor Imported succesfully
2021-07-15 13:10:57,054:INFO:Starting cross validation
2021-07-15 13:10:57,055:INFO:Cross validating with KFold(n_splits=3, random_state=None, shuffle=False), n_jobs=-1
2021-07-15 13:10:57,070:INFO:Calculating mean and std
2021-07-15 13:10:57,070:INFO:Creating metrics dataframe
2021-07-15 13:10:57,073:INFO:Uploading results into container
2021-07-15 13:10:57,073:INFO:Uploading model into container now
2021-07-15 13:10:57,073:INFO:create_model_container: 32
2021-07-15 13:10:57,073:INFO:master_model_container: 32
2021-07-15 13:10:57,073:INFO:display_container: 2
2021-07-15 13:10:57,073:INFO:GradientBoostingRegressor(alpha=0.9, ccp_alpha=0.0, criterion='friedman_mse',
                          init=None, learning_rate=0.1, loss='ls', max_depth=3,
                          max_features=None, max_leaf_nodes=None,
                          min_impurity_decrease=0.0, min_impurity_split=None,
                          min_samples_leaf=1, min_samples_split=2,
                          min_weight_fraction_leaf=0.0, n_estimators=100,
                          n_iter_no_change=None, presort='deprecated',
                          random_state=1767, subsample=1.0, tol=0.0001,
                          validation_fraction=0.1, verbose=0, warm_start=False)
2021-07-15 13:10:57,073:INFO:create_model() succesfully completed......................................
2021-07-15 13:10:57,209:INFO:SubProcess create_model() end ==================================
2021-07-15 13:10:57,209:INFO:Creating metrics dataframe
2021-07-15 13:10:57,241:INFO:Initializing Extreme Gradient Boosting
2021-07-15 13:10:57,241:INFO:Total runtime is 0.2182981252670288 minutes
2021-07-15 13:10:57,247:INFO:SubProcess create_model() called ==================================
2021-07-15 13:10:57,247:INFO:Initializing create_model()
2021-07-15 13:10:57,248:INFO:create_model(estimator=xgboost, fold=KFold(n_splits=3, random_state=None, shuffle=False), round=4, cross_validation=True, predict=True, fit_kwargs={}, groups=None, refit=False, verbose=False, system=False, metrics=None, display=<pycaret.internal.Display.Display object at 0x000002C51AA79970>, kwargs={})
2021-07-15 13:10:57,248:INFO:Checking exceptions
2021-07-15 13:10:57,248:INFO:Importing libraries
2021-07-15 13:10:57,248:INFO:Copying training dataset
2021-07-15 13:10:57,248:INFO:Defining folds
2021-07-15 13:10:57,248:INFO:Declaring metric variables
2021-07-15 13:10:57,254:INFO:Importing untrained model
2021-07-15 13:10:57,261:INFO:Extreme Gradient Boosting Imported succesfully
2021-07-15 13:10:57,273:INFO:Starting cross validation
2021-07-15 13:10:57,275:INFO:Cross validating with KFold(n_splits=3, random_state=None, shuffle=False), n_jobs=-1
2021-07-15 13:10:57,822:INFO:Calculating mean and std
2021-07-15 13:10:57,822:INFO:Creating metrics dataframe
2021-07-15 13:10:57,825:INFO:Uploading results into container
2021-07-15 13:10:57,825:INFO:Uploading model into container now
2021-07-15 13:10:57,825:INFO:create_model_container: 33
2021-07-15 13:10:57,825:INFO:master_model_container: 33
2021-07-15 13:10:57,825:INFO:display_container: 2
2021-07-15 13:10:57,826:INFO:XGBRegressor(base_score=None, booster='gbtree', colsample_bylevel=None,
             colsample_bynode=None, colsample_bytree=None, gamma=None,
             gpu_id=None, importance_type='gain', interaction_constraints=None,
             learning_rate=None, max_delta_step=None, max_depth=None,
             min_child_weight=None, missing=nan, monotone_constraints=None,
             n_estimators=100, n_jobs=-1, num_parallel_tree=None,
             objective='reg:squarederror', random_state=1767, reg_alpha=None,
             reg_lambda=None, scale_pos_weight=None, subsample=None,
             tree_method='auto', validate_parameters=None, verbosity=0)
2021-07-15 13:10:57,826:INFO:create_model() succesfully completed......................................
2021-07-15 13:10:57,963:WARNING:create_model() for XGBRegressor(base_score=None, booster='gbtree', colsample_bylevel=None,
             colsample_bynode=None, colsample_bytree=None, gamma=None,
             gpu_id=None, importance_type='gain', interaction_constraints=None,
             learning_rate=None, max_delta_step=None, max_depth=None,
             min_child_weight=None, missing=nan, monotone_constraints=None,
             n_estimators=100, n_jobs=-1, num_parallel_tree=None,
             objective='reg:squarederror', random_state=1767, reg_alpha=None,
             reg_lambda=None, scale_pos_weight=None, subsample=None,
             tree_method='auto', validate_parameters=None, verbosity=0) raised an exception or returned all 0.0, trying without fit_kwargs:
2021-07-15 13:10:57,964:WARNING:Traceback (most recent call last):
  File "C:\Users\tsyco\AppData\Roaming\Python\Python38\site-packages\pycaret\internal\tabular.py", line 2179, in compare_models
    assert np.sum(model_results.iloc[0]) != 0.0
AssertionError

2021-07-15 13:10:57,964:INFO:Initializing create_model()
2021-07-15 13:10:57,964:INFO:create_model(estimator=XGBRegressor(base_score=None, booster='gbtree', colsample_bylevel=None,
             colsample_bynode=None, colsample_bytree=None, gamma=None,
             gpu_id=None, importance_type='gain', interaction_constraints=None,
             learning_rate=None, max_delta_step=None, max_depth=None,
             min_child_weight=None, missing=nan, monotone_constraints=None,
             n_estimators=100, n_jobs=-1, num_parallel_tree=None,
             objective='reg:squarederror', random_state=1767, reg_alpha=None,
             reg_lambda=None, scale_pos_weight=None, subsample=None,
             tree_method='auto', validate_parameters=None, verbosity=0), fold=KFold(n_splits=3, random_state=None, shuffle=False), round=4, cross_validation=True, predict=True, fit_kwargs=None, groups=None, refit=False, verbose=False, system=False, metrics=None, display=<pycaret.internal.Display.Display object at 0x000002C51AA79970>, kwargs={})
2021-07-15 13:10:57,964:INFO:Checking exceptions
2021-07-15 13:10:57,964:INFO:Importing libraries
2021-07-15 13:10:57,964:INFO:Copying training dataset
2021-07-15 13:10:57,965:INFO:Defining folds
2021-07-15 13:10:57,965:INFO:Declaring metric variables
2021-07-15 13:10:57,970:INFO:Importing untrained model
2021-07-15 13:10:57,970:INFO:Declaring custom model
2021-07-15 13:10:57,977:INFO:Extreme Gradient Boosting Imported succesfully
2021-07-15 13:10:57,988:INFO:Starting cross validation
2021-07-15 13:10:57,989:INFO:Cross validating with KFold(n_splits=3, random_state=None, shuffle=False), n_jobs=-1
2021-07-15 13:10:58,529:INFO:Calculating mean and std
2021-07-15 13:10:58,529:INFO:Creating metrics dataframe
2021-07-15 13:10:58,532:INFO:Uploading results into container
2021-07-15 13:10:58,532:INFO:Uploading model into container now
2021-07-15 13:10:58,532:INFO:create_model_container: 34
2021-07-15 13:10:58,532:INFO:master_model_container: 34
2021-07-15 13:10:58,532:INFO:display_container: 2
2021-07-15 13:10:58,532:INFO:XGBRegressor(base_score=None, booster='gbtree', colsample_bylevel=None,
             colsample_bynode=None, colsample_bytree=None, gamma=None,
             gpu_id=None, importance_type='gain', interaction_constraints=None,
             learning_rate=None, max_delta_step=None, max_depth=None,
             min_child_weight=None, missing=nan, monotone_constraints=None,
             n_estimators=100, n_jobs=-1, num_parallel_tree=None,
             objective='reg:squarederror', random_state=1767, reg_alpha=None,
             reg_lambda=None, scale_pos_weight=None, subsample=None,
             tree_method='auto', validate_parameters=None, verbosity=0)
2021-07-15 13:10:58,532:INFO:create_model() succesfully completed......................................
2021-07-15 13:10:58,668:INFO:SubProcess create_model() end ==================================
2021-07-15 13:10:58,668:INFO:Creating metrics dataframe
2021-07-15 13:10:58,702:INFO:Initializing Light Gradient Boosting Machine
2021-07-15 13:10:58,702:INFO:Total runtime is 0.24264915386835734 minutes
2021-07-15 13:10:58,708:INFO:SubProcess create_model() called ==================================
2021-07-15 13:10:58,708:INFO:Initializing create_model()
2021-07-15 13:10:58,708:INFO:create_model(estimator=lightgbm, fold=KFold(n_splits=3, random_state=None, shuffle=False), round=4, cross_validation=True, predict=True, fit_kwargs={}, groups=None, refit=False, verbose=False, system=False, metrics=None, display=<pycaret.internal.Display.Display object at 0x000002C51AA79970>, kwargs={})
2021-07-15 13:10:58,708:INFO:Checking exceptions
2021-07-15 13:10:58,708:INFO:Importing libraries
2021-07-15 13:10:58,708:INFO:Copying training dataset
2021-07-15 13:10:58,709:INFO:Defining folds
2021-07-15 13:10:58,709:INFO:Declaring metric variables
2021-07-15 13:10:58,714:INFO:Importing untrained model
2021-07-15 13:10:58,721:INFO:Light Gradient Boosting Machine Imported succesfully
2021-07-15 13:10:58,733:INFO:Starting cross validation
2021-07-15 13:10:58,734:INFO:Cross validating with KFold(n_splits=3, random_state=None, shuffle=False), n_jobs=-1
2021-07-15 13:10:58,771:INFO:Calculating mean and std
2021-07-15 13:10:58,772:INFO:Creating metrics dataframe
2021-07-15 13:10:58,774:INFO:Uploading results into container
2021-07-15 13:10:58,774:INFO:Uploading model into container now
2021-07-15 13:10:58,774:INFO:create_model_container: 35
2021-07-15 13:10:58,774:INFO:master_model_container: 35
2021-07-15 13:10:58,774:INFO:display_container: 2
2021-07-15 13:10:58,775:INFO:LGBMRegressor(boosting_type='gbdt', class_weight=None, colsample_bytree=1.0,
              importance_type='split', learning_rate=0.1, max_depth=-1,
              min_child_samples=20, min_child_weight=0.001, min_split_gain=0.0,
              n_estimators=100, n_jobs=-1, num_leaves=31, objective=None,
              random_state=1767, reg_alpha=0.0, reg_lambda=0.0, silent=True,
              subsample=1.0, subsample_for_bin=200000, subsample_freq=0)
2021-07-15 13:10:58,775:INFO:create_model() succesfully completed......................................
2021-07-15 13:10:58,913:INFO:SubProcess create_model() end ==================================
2021-07-15 13:10:58,913:INFO:Creating metrics dataframe
2021-07-15 13:10:58,961:INFO:Initializing create_model()
2021-07-15 13:10:58,961:INFO:create_model(estimator=LinearRegression(copy_X=True, fit_intercept=True, n_jobs=-1, normalize=False), fold=KFold(n_splits=3, random_state=None, shuffle=False), round=4, cross_validation=False, predict=False, fit_kwargs={}, groups=None, refit=True, verbose=False, system=False, metrics=None, display=None, kwargs={})
2021-07-15 13:10:58,962:INFO:Checking exceptions
2021-07-15 13:10:58,962:INFO:Importing libraries
2021-07-15 13:10:58,962:INFO:Copying training dataset
2021-07-15 13:10:58,962:INFO:Defining folds
2021-07-15 13:10:58,962:INFO:Declaring metric variables
2021-07-15 13:10:58,962:INFO:Importing untrained model
2021-07-15 13:10:58,962:INFO:Declaring custom model
2021-07-15 13:10:58,963:INFO:Linear Regression Imported succesfully
2021-07-15 13:10:58,963:INFO:Cross validation set to False
2021-07-15 13:10:58,963:INFO:Fitting Model
